2019-50-07 17:50:02.555 [main] INFO   - Initialize HomePage
2019-50-07 17:50:04.139 [main] INFO   - Click on login Link
2019-50-07 17:50:05.762 [main] INFO   - Log in
2019-50-07 17:50:07.737 [main] INFO   - click Dresses
2019-50-07 17:50:09.354 [main] INFO   - click SummerDresses
2019-50-07 17:50:09.399 [main] INFO   - verify if quantity from text and quantity from content are equals
2019-51-07 17:51:15.639 [main] INFO   - Initialize HomePage
2019-51-07 17:51:16.910 [main] INFO   - Click on login Link
2019-51-07 17:51:18.403 [main] INFO   - Log in
2019-51-07 17:51:30.847 [main] ERROR  - Expected condition failed: waiting for visibility of Proxy element for: DefaultElementLocator 'By.xpath: //ul[contains(class,'tree dynamized')]/li[position()=3]/a[contains(@title,'Short dress') and contains(text(),'Summer Dresses')]' (tried for 10 second(s) with 500 milliseconds interval)
2020-59-11 21:59:04.197 [main] INFO   - Initialize HomePage
2020-59-11 21:59:06.212 [main] INFO   - Click on login Link
2020-59-11 21:59:07.897 [main] INFO   - Log in
2020-59-11 21:59:13.695 [main] INFO   - click Dresses
2020-59-11 21:59:15.751 [main] INFO   - click SummerDresses
2020-59-11 21:59:15.795 [main] INFO   - verify if quantity from text and quantity from content are equals
2020-00-11 22:00:00.777 [main] INFO   - Initialize HomePage
2020-00-11 22:00:03.344 [main] INFO   - Click on login Link
2020-00-11 22:00:05.356 [main] INFO   - Log in
2020-00-11 22:00:09.095 [main] INFO   - click Dresses
2020-00-11 22:00:12.930 [main] INFO   - click SummerDresses
2020-00-11 22:00:12.976 [main] INFO   - verify if quantity from text and quantity from content are equals
2020-17-11 22:17:58.819 [main] INFO   - Initialize HomePage
2020-18-11 22:18:01.058 [main] INFO   - Click on login Link
2020-18-11 22:18:02.579 [main] INFO   - Log in
2020-18-11 22:18:04.987 [main] INFO   - click Dresses
2020-18-11 22:18:06.923 [main] INFO   - click SummerDresses
2020-18-11 22:18:06.968 [main] INFO   - verify if quantity from text and quantity from content are equals
2020-29-11 22:29:37.990 [main] INFO   - Initialize HomePage
2020-29-11 22:29:39.799 [main] INFO   - Click on login Link
2020-29-11 22:29:41.432 [main] INFO   - Log in
2020-29-11 22:29:44.119 [main] INFO   - click Dresses
2020-29-11 22:29:46.866 [main] INFO   - click SummerDresses
2020-29-11 22:29:46.915 [main] INFO   - verify if quantity from text and quantity from content are equals
2020-43-11 23:43:01.148 [main] INFO   - Click Submit and login 
2020-43-11 23:43:01.577 [main] INFO   - On Dashboard
2020-05-12 01:05:06.505 [main] INFO   - Click Submit and login 
2020-05-12 01:05:06.865 [main] INFO   - On Dashboard
2020-05-12 01:05:07.297 [main] ERROR  - no such element: Unable to locate element: {"method":"xpath","selector":"//a[contains(text(),'Add Client')]"}
  (Session info: chrome=79.0.3945.130)
  (Driver info: chromedriver=70.0.3538.16 (16ed95b41bb05e565b11fb66ac33c660b721f778),platform=Windows NT 10.0.18362 x86_64) (WARNING: The server did not provide any stacktrace information)
Command duration or timeout: 0 milliseconds
For documentation on this error, please visit: https://www.seleniumhq.org/exceptions/no_such_element.html
Build info: version: '3.141.59', revision: 'e82be7d358', time: '2018-11-14T08:17:03'
System info: host: 'DESKTOP-3BK3TIH', ip: '192.168.0.186', os.name: 'Windows 10', os.arch: 'amd64', os.version: '10.0', java.version: '11.0.4'
Driver info: org.openqa.selenium.chrome.ChromeDriver
Capabilities {acceptInsecureCerts: false, acceptSslCerts: false, applicationCacheEnabled: false, browserConnectionEnabled: false, browserName: chrome, chrome: {chromedriverVersion: 70.0.3538.16 (16ed95b41bb05..., userDataDir: C:\Users\A946~1\AppData\Loc...}, cssSelectorsEnabled: true, databaseEnabled: false, goog:chromeOptions: {debuggerAddress: localhost:51158}, handlesAlerts: true, hasTouchScreen: false, javascriptEnabled: true, locationContextEnabled: true, mobileEmulationEnabled: false, nativeEvents: true, networkConnectionEnabled: false, pageLoadStrategy: normal, platform: XP, platformName: XP, rotatable: false, setWindowRect: true, takesHeapSnapshot: true, takesScreenshot: true, unexpectedAlertBehaviour: , unhandledPromptBehavior: , version: 79.0.3945.130, webStorageEnabled: true}
Session ID: 54e43bb3b09e39de3824a465b0cf4437
*** Element info: {Using=xpath, value=//a[contains(text(),'Add Client')]}
2020-08-12 01:08:19.205 [main] INFO   - Click Submit and login 
2020-10-12 01:10:33.594 [main] INFO   - Click Submit and login 
2020-10-12 01:10:44.829 [main] ERROR  - Expected condition failed: waiting for visibility of Proxy element for: DefaultElementLocator 'By.xpath: //a[contains(text(),'Add Client')]' (tried for 10 second(s) with 500 milliseconds interval)
2020-15-12 01:15:46.422 [main] INFO   - Click Submit and login 
2020-15-12 01:15:48.405 [main] INFO   - On Dashboard
2020-15-12 01:15:48.886 [main] ERROR  - unknown error: Element <a href="/app/new-client" id="ember1212" class="glf-double-navbar-item ember-view">...</a> is not clickable at point (229, 25). Other element would receive the click: <div class="loading-wrapper">...</div>
  (Session info: chrome=79.0.3945.130)
  (Driver info: chromedriver=70.0.3538.16 (16ed95b41bb05e565b11fb66ac33c660b721f778),platform=Windows NT 10.0.18362 x86_64) (WARNING: The server did not provide any stacktrace information)
Command duration or timeout: 0 milliseconds
Build info: version: '3.141.59', revision: 'e82be7d358', time: '2018-11-14T08:17:03'
System info: host: 'DESKTOP-3BK3TIH', ip: '192.168.0.186', os.name: 'Windows 10', os.arch: 'amd64', os.version: '10.0', java.version: '11.0.4'
Driver info: org.openqa.selenium.chrome.ChromeDriver
Capabilities {acceptInsecureCerts: false, acceptSslCerts: false, applicationCacheEnabled: false, browserConnectionEnabled: false, browserName: chrome, chrome: {chromedriverVersion: 70.0.3538.16 (16ed95b41bb05..., userDataDir: C:\Users\A946~1\AppData\Loc...}, cssSelectorsEnabled: true, databaseEnabled: false, goog:chromeOptions: {debuggerAddress: localhost:51925}, handlesAlerts: true, hasTouchScreen: false, javascriptEnabled: true, locationContextEnabled: true, mobileEmulationEnabled: false, nativeEvents: true, networkConnectionEnabled: false, pageLoadStrategy: normal, platform: XP, platformName: XP, rotatable: false, setWindowRect: true, takesHeapSnapshot: true, takesScreenshot: true, unexpectedAlertBehaviour: , unhandledPromptBehavior: , version: 79.0.3945.130, webStorageEnabled: true}
Session ID: 6b3b2401995eadc8804b97288ef0ee08
2020-21-12 01:21:05.882 [main] INFO   - Click Submit and login 
2020-21-12 01:21:06.302 [main] INFO   - On Dashboard
2020-21-12 01:21:07.923 [main] INFO   - Add new client
2020-29-12 01:29:59.833 [main] INFO   - Click Submit and login 
2020-30-12 01:30:00.238 [main] INFO   - On Dashboard
2020-30-12 01:30:55.786 [main] INFO   - Click Submit and login 
2020-30-12 01:30:56.187 [main] INFO   - On Dashboard
2020-30-12 01:30:57.827 [main] INFO   - Add new client
2020-38-12 01:38:38.094 [main] INFO   - Click Submit and login 
2020-38-12 01:38:38.487 [main] INFO   - On Dashboard
2020-38-12 01:38:40.111 [main] INFO   - Add new client
2020-43-12 01:43:06.336 [main] INFO   - Click Submit and login 
2020-43-12 01:43:06.785 [main] INFO   - On Dashboard
2020-43-12 01:43:08.876 [main] ERROR  - unknown error: Element <button type="submit" id="patient-search-submit" class="btn d-position-relative btn-success without-focus ember-view">...</button> is not clickable at point (927, 332). Other element would receive the click: <div class="loading-wrapper">...</div>
  (Session info: chrome=79.0.3945.130)
  (Driver info: chromedriver=70.0.3538.16 (16ed95b41bb05e565b11fb66ac33c660b721f778),platform=Windows NT 10.0.18362 x86_64) (WARNING: The server did not provide any stacktrace information)
Command duration or timeout: 0 milliseconds
Build info: version: '3.141.59', revision: 'e82be7d358', time: '2018-11-14T08:17:03'
System info: host: 'DESKTOP-3BK3TIH', ip: '192.168.0.186', os.name: 'Windows 10', os.arch: 'amd64', os.version: '10.0', java.version: '11.0.4'
Driver info: org.openqa.selenium.chrome.ChromeDriver
Capabilities {acceptInsecureCerts: false, acceptSslCerts: false, applicationCacheEnabled: false, browserConnectionEnabled: false, browserName: chrome, chrome: {chromedriverVersion: 70.0.3538.16 (16ed95b41bb05..., userDataDir: C:\Users\A946~1\AppData\Loc...}, cssSelectorsEnabled: true, databaseEnabled: false, goog:chromeOptions: {debuggerAddress: localhost:51900}, handlesAlerts: true, hasTouchScreen: false, javascriptEnabled: true, locationContextEnabled: true, mobileEmulationEnabled: false, nativeEvents: true, networkConnectionEnabled: false, pageLoadStrategy: normal, platform: XP, platformName: XP, rotatable: false, setWindowRect: true, takesHeapSnapshot: true, takesScreenshot: true, unexpectedAlertBehaviour: , unhandledPromptBehavior: , version: 79.0.3945.130, webStorageEnabled: true}
Session ID: 7548837577ca4dc434411bccd3404975
2020-46-12 01:46:10.421 [main] INFO   - Click Submit and login 
2020-46-12 01:46:10.820 [main] INFO   - On Dashboard
2020-46-12 01:46:12.438 [main] INFO   - Add new client
2020-48-12 01:48:45.352 [main] INFO   - Click Submit and login 
2020-48-12 01:48:45.763 [main] INFO   - On Dashboard
2020-48-12 01:48:46.244 [main] ERROR  - no such element: Unable to locate element: {"method":"xpath","selector":"//a[@href='/app/new-client']"}
  (Session info: chrome=79.0.3945.130)
  (Driver info: chromedriver=70.0.3538.16 (16ed95b41bb05e565b11fb66ac33c660b721f778),platform=Windows NT 10.0.18362 x86_64) (WARNING: The server did not provide any stacktrace information)
Command duration or timeout: 0 milliseconds
For documentation on this error, please visit: https://www.seleniumhq.org/exceptions/no_such_element.html
Build info: version: '3.141.59', revision: 'e82be7d358', time: '2018-11-14T08:17:03'
System info: host: 'DESKTOP-3BK3TIH', ip: '192.168.0.186', os.name: 'Windows 10', os.arch: 'amd64', os.version: '10.0', java.version: '11.0.4'
Driver info: org.openqa.selenium.chrome.ChromeDriver
Capabilities {acceptInsecureCerts: false, acceptSslCerts: false, applicationCacheEnabled: false, browserConnectionEnabled: false, browserName: chrome, chrome: {chromedriverVersion: 70.0.3538.16 (16ed95b41bb05..., userDataDir: C:\Users\A946~1\AppData\Loc...}, cssSelectorsEnabled: true, databaseEnabled: false, goog:chromeOptions: {debuggerAddress: localhost:52337}, handlesAlerts: true, hasTouchScreen: false, javascriptEnabled: true, locationContextEnabled: true, mobileEmulationEnabled: false, nativeEvents: true, networkConnectionEnabled: false, pageLoadStrategy: normal, platform: XP, platformName: XP, rotatable: false, setWindowRect: true, takesHeapSnapshot: true, takesScreenshot: true, unexpectedAlertBehaviour: , unhandledPromptBehavior: , version: 79.0.3945.130, webStorageEnabled: true}
Session ID: 26b698290ca8cfcdfc3fdba3af1b9f28
*** Element info: {Using=xpath, value=//a[@href='/app/new-client']}
2020-52-12 01:52:24.846 [main] INFO   - Click Submit and login 
2020-52-12 01:52:25.202 [main] INFO   - On Dashboard
2020-52-12 01:52:27.336 [main] ERROR  - unknown error: Element <a href="/app/new-client" id="ember1212" class="glf-double-navbar-item ember-view">...</a> is not clickable at point (229, 25). Other element would receive the click: <div class="loading-wrapper">...</div>
  (Session info: chrome=79.0.3945.130)
  (Driver info: chromedriver=70.0.3538.16 (16ed95b41bb05e565b11fb66ac33c660b721f778),platform=Windows NT 10.0.18362 x86_64) (WARNING: The server did not provide any stacktrace information)
Command duration or timeout: 0 milliseconds
Build info: version: '3.141.59', revision: 'e82be7d358', time: '2018-11-14T08:17:03'
System info: host: 'DESKTOP-3BK3TIH', ip: '192.168.0.186', os.name: 'Windows 10', os.arch: 'amd64', os.version: '10.0', java.version: '11.0.4'
Driver info: org.openqa.selenium.chrome.ChromeDriver
Capabilities {acceptInsecureCerts: false, acceptSslCerts: false, applicationCacheEnabled: false, browserConnectionEnabled: false, browserName: chrome, chrome: {chromedriverVersion: 70.0.3538.16 (16ed95b41bb05..., userDataDir: C:\Users\A946~1\AppData\Loc...}, cssSelectorsEnabled: true, databaseEnabled: false, goog:chromeOptions: {debuggerAddress: localhost:52581}, handlesAlerts: true, hasTouchScreen: false, javascriptEnabled: true, locationContextEnabled: true, mobileEmulationEnabled: false, nativeEvents: true, networkConnectionEnabled: false, pageLoadStrategy: normal, platform: XP, platformName: XP, rotatable: false, setWindowRect: true, takesHeapSnapshot: true, takesScreenshot: true, unexpectedAlertBehaviour: , unhandledPromptBehavior: , version: 79.0.3945.130, webStorageEnabled: true}
Session ID: 4b8759cbcc4e6c60aa6896c2d21ed1c5
2020-14-12 02:14:17.812 [main] INFO   - Click Submit and login 
2020-14-12 02:14:18.649 [main] ERROR  - class com.sun.proxy.$Proxy24 cannot be cast to class org.openqa.selenium.By (com.sun.proxy.$Proxy24 and org.openqa.selenium.By are in unnamed module of loader 'app')
2020-24-12 02:24:22.004 [main] INFO   - Click Submit and login 
2020-24-12 02:24:22.418 [main] INFO   - On Dashboard
2020-24-12 02:24:24.589 [main] ERROR  - unknown error: Element <a href="/app/new-client" id="ember1212" class="glf-double-navbar-item ember-view">...</a> is not clickable at point (229, 25). Other element would receive the click: <div class="loading-wrapper">...</div>
  (Session info: chrome=79.0.3945.130)
  (Driver info: chromedriver=70.0.3538.16 (16ed95b41bb05e565b11fb66ac33c660b721f778),platform=Windows NT 10.0.18362 x86_64) (WARNING: The server did not provide any stacktrace information)
Command duration or timeout: 0 milliseconds
Build info: version: '3.141.59', revision: 'e82be7d358', time: '2018-11-14T08:17:03'
System info: host: 'DESKTOP-3BK3TIH', ip: '192.168.0.186', os.name: 'Windows 10', os.arch: 'amd64', os.version: '10.0', java.version: '11.0.4'
Driver info: org.openqa.selenium.chrome.ChromeDriver
Capabilities {acceptInsecureCerts: false, acceptSslCerts: false, applicationCacheEnabled: false, browserConnectionEnabled: false, browserName: chrome, chrome: {chromedriverVersion: 70.0.3538.16 (16ed95b41bb05..., userDataDir: C:\Users\A946~1\AppData\Loc...}, cssSelectorsEnabled: true, databaseEnabled: false, goog:chromeOptions: {debuggerAddress: localhost:58791}, handlesAlerts: true, hasTouchScreen: false, javascriptEnabled: true, locationContextEnabled: true, mobileEmulationEnabled: false, nativeEvents: true, networkConnectionEnabled: false, pageLoadStrategy: normal, platform: XP, platformName: XP, rotatable: false, setWindowRect: true, takesHeapSnapshot: true, takesScreenshot: true, unexpectedAlertBehaviour: , unhandledPromptBehavior: , version: 79.0.3945.130, webStorageEnabled: true}
Session ID: 189407ea478ae59f90a7d8d6ff6e7ace
2020-31-12 02:31:06.665 [main] INFO   - Click Submit and login 
2020-31-12 02:31:07.083 [main] INFO   - On Dashboard
2020-31-12 02:31:08.691 [main] ERROR  - null
2020-46-12 02:46:14.906 [main] INFO   - Click Submit and login 
2020-46-12 02:46:15.306 [main] INFO   - On Dashboard
2020-46-12 02:46:29.424 [main] ERROR  - Expected condition failed: waiting for visibility of Proxy element for: DefaultElementLocator 'By.xpath: //input[@type='password']' (tried for 10 second(s) with 500 milliseconds interval)
2020-53-12 02:53:28.068 [main] INFO   - Click Submit and login 
2020-53-12 02:53:28.458 [main] INFO   - On Dashboard
2020-53-12 02:53:31.810 [main] INFO   - Add new client
2020-00-13 01:00:45.592 [main] ERROR  - Expected condition failed: waiting for visibility of Proxy element for: DefaultElementLocator 'By.xpath: //input[@type='password']' (tried for 10 second(s) with 500 milliseconds interval)
2020-11-13 01:11:01.804 [main] INFO   - Click Submit and login 
2020-11-13 01:11:02.163 [main] INFO   - On Dashboard
2020-11-13 01:11:14.053 [main] ERROR  - Expected condition failed: waiting for condition to not be valid: presence of any elements located by By.xpath: //div[@class='loading-wrapper (tried for 10 second(s) with 500 milliseconds interval)
2020-12-13 01:12:17.599 [main] INFO   - Click Submit and login 
2020-12-13 01:12:17.982 [main] INFO   - On Dashboard
2020-12-13 01:12:29.356 [main] ERROR  - Expected condition failed: waiting for condition to not be valid: presence of any elements located by By.xpath: //div[@class='loading-wrapper (tried for 10 second(s) with 500 milliseconds interval)
2020-14-13 01:14:13.168 [main] INFO   - Click Submit and login 
2020-14-13 01:14:13.548 [main] INFO   - On Dashboard
2020-14-13 01:14:16.925 [main] INFO   - Add new client
2020-14-13 01:14:17.353 [main] ERROR  - Keys to send should be a not null CharSequence
2020-15-13 01:15:19.954 [main] INFO   - Click Submit and login 
2020-15-13 01:15:20.335 [main] INFO   - On Dashboard
2020-15-13 01:15:51.920 [main] INFO   - Click Submit and login 
2020-15-13 01:15:52.308 [main] INFO   - On Dashboard
2020-15-13 01:15:55.632 [main] INFO   - Add new client
2020-15-13 01:15:56.097 [main] ERROR  - Keys to send should be a not null CharSequence
2020-21-13 01:21:56.975 [main] INFO   - Click Submit and login 
2020-21-13 01:21:57.361 [main] INFO   - On Dashboard
2020-22-13 01:22:02.367 [main] INFO   - Add new client
2020-22-13 01:22:02.954 [main] ERROR  - Keys to send should be a not null CharSequence
2020-36-13 01:36:52.372 [main] ERROR  - Expected condition failed: waiting for visibility of Proxy element for: DefaultElementLocator 'By.xpath: //input[@type='password']' (tried for 10 second(s) with 500 milliseconds interval)
2020-50-13 01:50:54.082 [main] INFO   - Click Submit and login 
2020-50-13 01:50:54.551 [main] INFO   - On Dashboard
2020-50-13 01:50:57.997 [main] INFO   - Add new client
2020-50-13 01:50:58.841 [main] ERROR  - no such element: Unable to locate element: {"method":"xpath","selector":"//div[@id='middleName']//input"}
  (Session info: chrome=79.0.3945.130)
  (Driver info: chromedriver=70.0.3538.16 (16ed95b41bb05e565b11fb66ac33c660b721f778),platform=Windows NT 10.0.18362 x86_64) (WARNING: The server did not provide any stacktrace information)
Command duration or timeout: 0 milliseconds
For documentation on this error, please visit: https://www.seleniumhq.org/exceptions/no_such_element.html
Build info: version: '3.141.59', revision: 'e82be7d358', time: '2018-11-14T08:17:03'
System info: host: 'DESKTOP-3BK3TIH', ip: '192.168.0.186', os.name: 'Windows 10', os.arch: 'amd64', os.version: '10.0', java.version: '11.0.4'
Driver info: org.openqa.selenium.chrome.ChromeDriver
Capabilities {acceptInsecureCerts: false, acceptSslCerts: false, applicationCacheEnabled: false, browserConnectionEnabled: false, browserName: chrome, chrome: {chromedriverVersion: 70.0.3538.16 (16ed95b41bb05..., userDataDir: C:\Users\A946~1\AppData\Loc...}, cssSelectorsEnabled: true, databaseEnabled: false, goog:chromeOptions: {debuggerAddress: localhost:52511}, handlesAlerts: true, hasTouchScreen: false, javascriptEnabled: true, locationContextEnabled: true, mobileEmulationEnabled: false, nativeEvents: true, networkConnectionEnabled: false, pageLoadStrategy: normal, platform: XP, platformName: XP, rotatable: false, setWindowRect: true, takesHeapSnapshot: true, takesScreenshot: true, unexpectedAlertBehaviour: , unhandledPromptBehavior: , version: 79.0.3945.130, webStorageEnabled: true}
Session ID: cbb715b35a69461f74b6b68fe998eb93
*** Element info: {Using=xpath, value=//div[@id='middleName']//input}
2020-54-13 01:54:35.726 [main] INFO   - Click Submit and login 
2020-54-13 01:54:36.102 [main] INFO   - On Dashboard
2020-54-13 01:54:38.935 [main] INFO   - Add new client
2020-56-13 01:56:09.767 [main] INFO   - Click Submit and login 
2020-56-13 01:56:10.130 [main] INFO   - On Dashboard
2020-56-13 01:56:13.486 [main] INFO   - Add new client
2020-01-13 02:01:23.048 [main] INFO   - Click Submit and login 
2020-01-13 02:01:23.459 [main] INFO   - On Dashboard
2020-03-13 02:03:02.582 [main] INFO   - Click Submit and login 
2020-03-13 02:03:02.975 [main] INFO   - On Dashboard
2020-03-13 02:03:17.083 [main] ERROR  - Expected condition failed: waiting for visibility of Proxy element for: DefaultElementLocator 'By.xpath: //label[contains(text(),'Upload Photo')]' (tried for 10 second(s) with 500 milliseconds interval)
2020-08-13 02:08:48.507 [main] INFO   - Click Submit and login 
2020-08-13 02:08:48.904 [main] INFO   - On Dashboard
2020-08-13 02:08:52.792 [main] INFO   - Add new client
2020-25-13 02:25:36.293 [main] INFO   - Click Submit and login 
2020-25-13 02:25:37.104 [main] ERROR  - no such element: Unable to locate element: {"method":"xpath","selector":"//button[contains(text(),'Terminate and Log In')]"}
  (Session info: chrome=79.0.3945.130)
  (Driver info: chromedriver=70.0.3538.16 (16ed95b41bb05e565b11fb66ac33c660b721f778),platform=Windows NT 10.0.18362 x86_64) (WARNING: The server did not provide any stacktrace information)
Command duration or timeout: 0 milliseconds
For documentation on this error, please visit: https://www.seleniumhq.org/exceptions/no_such_element.html
Build info: version: '3.141.59', revision: 'e82be7d358', time: '2018-11-14T08:17:03'
System info: host: 'DESKTOP-3BK3TIH', ip: '192.168.0.186', os.name: 'Windows 10', os.arch: 'amd64', os.version: '10.0', java.version: '11.0.4'
Driver info: org.openqa.selenium.chrome.ChromeDriver
Capabilities {acceptInsecureCerts: false, acceptSslCerts: false, applicationCacheEnabled: false, browserConnectionEnabled: false, browserName: chrome, chrome: {chromedriverVersion: 70.0.3538.16 (16ed95b41bb05..., userDataDir: C:\Users\A946~1\AppData\Loc...}, cssSelectorsEnabled: true, databaseEnabled: false, goog:chromeOptions: {debuggerAddress: localhost:53869}, handlesAlerts: true, hasTouchScreen: false, javascriptEnabled: true, locationContextEnabled: true, mobileEmulationEnabled: false, nativeEvents: true, networkConnectionEnabled: false, pageLoadStrategy: normal, platform: XP, platformName: XP, rotatable: false, setWindowRect: true, takesHeapSnapshot: true, takesScreenshot: true, unexpectedAlertBehaviour: , unhandledPromptBehavior: , version: 79.0.3945.130, webStorageEnabled: true}
Session ID: fe346a095845abff57150f45f1f5d167
*** Element info: {Using=xpath, value=//button[contains(text(),'Terminate and Log In')]}
2020-28-13 02:28:32.389 [main] INFO   - Click Submit and login 
2020-28-13 02:28:33.205 [main] ERROR  - no such element: Unable to locate element: {"method":"xpath","selector":"//button[contains(text(),'Terminate and Log In')]"}
  (Session info: chrome=79.0.3945.130)
  (Driver info: chromedriver=70.0.3538.16 (16ed95b41bb05e565b11fb66ac33c660b721f778),platform=Windows NT 10.0.18362 x86_64) (WARNING: The server did not provide any stacktrace information)
Command duration or timeout: 0 milliseconds
For documentation on this error, please visit: https://www.seleniumhq.org/exceptions/no_such_element.html
Build info: version: '3.141.59', revision: 'e82be7d358', time: '2018-11-14T08:17:03'
System info: host: 'DESKTOP-3BK3TIH', ip: '192.168.0.186', os.name: 'Windows 10', os.arch: 'amd64', os.version: '10.0', java.version: '11.0.4'
Driver info: org.openqa.selenium.chrome.ChromeDriver
Capabilities {acceptInsecureCerts: false, acceptSslCerts: false, applicationCacheEnabled: false, browserConnectionEnabled: false, browserName: chrome, chrome: {chromedriverVersion: 70.0.3538.16 (16ed95b41bb05..., userDataDir: C:\Users\A946~1\AppData\Loc...}, cssSelectorsEnabled: true, databaseEnabled: false, goog:chromeOptions: {debuggerAddress: localhost:54029}, handlesAlerts: true, hasTouchScreen: false, javascriptEnabled: true, locationContextEnabled: true, mobileEmulationEnabled: false, nativeEvents: true, networkConnectionEnabled: false, pageLoadStrategy: normal, platform: XP, platformName: XP, rotatable: false, setWindowRect: true, takesHeapSnapshot: true, takesScreenshot: true, unexpectedAlertBehaviour: , unhandledPromptBehavior: , version: 79.0.3945.130, webStorageEnabled: true}
Session ID: 9c4495be3efdc9ffc09ccef474e400ec
*** Element info: {Using=xpath, value=//button[contains(text(),'Terminate and Log In')]}
2020-40-13 12:40:18.171 [main] INFO   - Click Submit and login 
2020-40-13 12:40:18.845 [main] ERROR  - no such element: Unable to locate element: {"method":"xpath","selector":"//button[contains(text(),'Terminate and Log In')]"}
  (Session info: chrome=70.0.3538.67)
  (Driver info: chromedriver=70.0.3538.16 (16ed95b41bb05e565b11fb66ac33c660b721f778),platform=Windows NT 10.0.18363 x86_64) (WARNING: The server did not provide any stacktrace information)
Command duration or timeout: 0 milliseconds
For documentation on this error, please visit: https://www.seleniumhq.org/exceptions/no_such_element.html
Build info: version: '3.141.59', revision: 'e82be7d358', time: '2018-11-14T08:17:03'
System info: host: 'GFL-2018', ip: '10.58.58.15', os.name: 'Windows 10', os.arch: 'amd64', os.version: '10.0', java.version: '11.0.4'
Driver info: org.openqa.selenium.chrome.ChromeDriver
Capabilities {acceptInsecureCerts: false, acceptSslCerts: false, applicationCacheEnabled: false, browserConnectionEnabled: false, browserName: chrome, chrome: {chromedriverVersion: 70.0.3538.16 (16ed95b41bb05..., userDataDir: C:\Users\EAVKSE~1\AppData\L...}, cssSelectorsEnabled: true, databaseEnabled: false, goog:chromeOptions: {debuggerAddress: localhost:3607}, handlesAlerts: true, hasTouchScreen: false, javascriptEnabled: true, locationContextEnabled: true, mobileEmulationEnabled: false, nativeEvents: true, networkConnectionEnabled: false, pageLoadStrategy: normal, platform: XP, platformName: XP, rotatable: false, setWindowRect: true, takesHeapSnapshot: true, takesScreenshot: true, unexpectedAlertBehaviour: , unhandledPromptBehavior: , version: 70.0.3538.67, webStorageEnabled: true}
Session ID: a2cf68a75f6c0dc441cd8f49ae8624db
*** Element info: {Using=xpath, value=//button[contains(text(),'Terminate and Log In')]}
2020-58-13 12:58:13.855 [main] INFO   - Click Submit and login 
2020-58-13 12:58:24.272 [main] INFO   - Session not terminated
2020-58-13 12:58:24.273 [main] INFO   - Expected condition failed: waiting for visibility of Proxy element for: DefaultElementLocator 'By.xpath: //button[contains(text(),'Terminate and Log In')]' (tried for 10 second(s) with 500 milliseconds interval) org.openqa.selenium.NoSuchElementException: no such element: Unable to locate element: {"method":"xpath","selector":"//button[contains(text(),'Terminate and Log In')]"}
  (Session info: chrome=70.0.3538.67)
  (Driver info: chromedriver=70.0.3538.16 (16ed95b41bb05e565b11fb66ac33c660b721f778),platform=Windows NT 10.0.18363 x86_64) (WARNING: The server did not provide any stacktrace information)
Command duration or timeout: 0 milliseconds
For documentation on this error, please visit: https://www.seleniumhq.org/exceptions/no_such_element.html
Build info: version: '3.141.59', revision: 'e82be7d358', time: '2018-11-14T08:17:03'
System info: host: 'GFL-2018', ip: '10.58.58.15', os.name: 'Windows 10', os.arch: 'amd64', os.version: '10.0', java.version: '11.0.4'
Driver info: org.openqa.selenium.chrome.ChromeDriver
Capabilities {acceptInsecureCerts: false, acceptSslCerts: false, applicationCacheEnabled: false, browserConnectionEnabled: false, browserName: chrome, chrome: {chromedriverVersion: 70.0.3538.16 (16ed95b41bb05..., userDataDir: C:\Users\EAVKSE~1\AppData\L...}, cssSelectorsEnabled: true, databaseEnabled: false, goog:chromeOptions: {debuggerAddress: localhost:4631}, handlesAlerts: true, hasTouchScreen: false, javascriptEnabled: true, locationContextEnabled: true, mobileEmulationEnabled: false, nativeEvents: true, networkConnectionEnabled: false, pageLoadStrategy: normal, platform: XP, platformName: XP, rotatable: false, setWindowRect: true, takesHeapSnapshot: true, takesScreenshot: true, unexpectedAlertBehaviour: , unhandledPromptBehavior: , version: 70.0.3538.67, webStorageEnabled: true}
Session ID: 4c930baa24abbbcabce4439c1c0acb5b
*** Element info: {Using=xpath, value=//button[contains(text(),'Terminate and Log In')]}
2020-58-13 12:58:24.309 [main] INFO   - On Dashboard
2020-58-13 12:58:35.153 [main] ERROR  - Expected condition failed: waiting for visibility of Proxy element for: DefaultElementLocator 'By.xpath: //div[@class='loading-wrapper']' (tried for 10 second(s) with 500 milliseconds interval)
2020-02-13 13:02:39.692 [main] INFO   - Click Submit and login 
2020-02-13 13:02:42.074 [main] INFO   - Session Terminated proceed further
2020-02-13 13:02:42.183 [main] INFO   - On Dashboard
2020-02-13 13:02:45.616 [main] INFO   - Add new client
2020-04-13 13:04:14.236 [main] INFO   - Click Submit and login 
2020-04-13 13:04:24.711 [main] INFO   - Session not terminated
2020-04-13 13:04:24.712 [main] INFO   - Expected condition failed: waiting for visibility of Proxy element for: DefaultElementLocator 'By.xpath: //button[contains(@class,'btn btn-primary')]' (tried for 10 second(s) with 500 milliseconds interval) org.openqa.selenium.NoSuchElementException: no such element: Unable to locate element: {"method":"xpath","selector":"//button[contains(@class,'btn btn-primary')]"}
  (Session info: chrome=70.0.3538.67)
  (Driver info: chromedriver=70.0.3538.16 (16ed95b41bb05e565b11fb66ac33c660b721f778),platform=Windows NT 10.0.18363 x86_64) (WARNING: The server did not provide any stacktrace information)
Command duration or timeout: 0 milliseconds
For documentation on this error, please visit: https://www.seleniumhq.org/exceptions/no_such_element.html
Build info: version: '3.141.59', revision: 'e82be7d358', time: '2018-11-14T08:17:03'
System info: host: 'GFL-2018', ip: '10.58.58.15', os.name: 'Windows 10', os.arch: 'amd64', os.version: '10.0', java.version: '11.0.4'
Driver info: org.openqa.selenium.chrome.ChromeDriver
Capabilities {acceptInsecureCerts: false, acceptSslCerts: false, applicationCacheEnabled: false, browserConnectionEnabled: false, browserName: chrome, chrome: {chromedriverVersion: 70.0.3538.16 (16ed95b41bb05..., userDataDir: C:\Users\EAVKSE~1\AppData\L...}, cssSelectorsEnabled: true, databaseEnabled: false, goog:chromeOptions: {debuggerAddress: localhost:5191}, handlesAlerts: true, hasTouchScreen: false, javascriptEnabled: true, locationContextEnabled: true, mobileEmulationEnabled: false, nativeEvents: true, networkConnectionEnabled: false, pageLoadStrategy: normal, platform: XP, platformName: XP, rotatable: false, setWindowRect: true, takesHeapSnapshot: true, takesScreenshot: true, unexpectedAlertBehaviour: , unhandledPromptBehavior: , version: 70.0.3538.67, webStorageEnabled: true}
Session ID: 95ac03281bd3fe5f8a95e80a144339a0
*** Element info: {Using=xpath, value=//button[contains(@class,'btn btn-primary')]}
2020-04-13 13:04:24.752 [main] INFO   - On Dashboard
2020-04-13 13:04:35.203 [main] ERROR  - Expected condition failed: waiting for visibility of Proxy element for: DefaultElementLocator 'By.xpath: //div[@class='loading-wrapper']' (tried for 10 second(s) with 500 milliseconds interval)
2020-09-13 13:09:19.368 [main] INFO   - Click Submit and login 
2020-09-13 13:09:30.222 [main] INFO   - Session not terminated
2020-09-13 13:09:30.223 [main] INFO   - Expected condition failed: waiting for visibility of Proxy element for: DefaultElementLocator 'By.xpath: //button[contains(@class,'btn btn-primary')]' (tried for 10 second(s) with 500 milliseconds interval) org.openqa.selenium.NoSuchElementException: no such element: Unable to locate element: {"method":"xpath","selector":"//button[contains(@class,'btn btn-primary')]"}
  (Session info: chrome=70.0.3538.67)
  (Driver info: chromedriver=70.0.3538.16 (16ed95b41bb05e565b11fb66ac33c660b721f778),platform=Windows NT 10.0.18363 x86_64) (WARNING: The server did not provide any stacktrace information)
Command duration or timeout: 0 milliseconds
For documentation on this error, please visit: https://www.seleniumhq.org/exceptions/no_such_element.html
Build info: version: '3.141.59', revision: 'e82be7d358', time: '2018-11-14T08:17:03'
System info: host: 'GFL-2018', ip: '10.58.58.15', os.name: 'Windows 10', os.arch: 'amd64', os.version: '10.0', java.version: '11.0.4'
Driver info: org.openqa.selenium.chrome.ChromeDriver
Capabilities {acceptInsecureCerts: false, acceptSslCerts: false, applicationCacheEnabled: false, browserConnectionEnabled: false, browserName: chrome, chrome: {chromedriverVersion: 70.0.3538.16 (16ed95b41bb05..., userDataDir: C:\Users\EAVKSE~1\AppData\L...}, cssSelectorsEnabled: true, databaseEnabled: false, goog:chromeOptions: {debuggerAddress: localhost:5658}, handlesAlerts: true, hasTouchScreen: false, javascriptEnabled: true, locationContextEnabled: true, mobileEmulationEnabled: false, nativeEvents: true, networkConnectionEnabled: false, pageLoadStrategy: normal, platform: XP, platformName: XP, rotatable: false, setWindowRect: true, takesHeapSnapshot: true, takesScreenshot: true, unexpectedAlertBehaviour: , unhandledPromptBehavior: , version: 70.0.3538.67, webStorageEnabled: true}
Session ID: ea57359b74abec9692cbf18ffbb298d0
*** Element info: {Using=xpath, value=//button[contains(@class,'btn btn-primary')]}
2020-09-13 13:09:40.710 [main] ERROR  - Expected condition failed: waiting for visibility of Proxy element for: DefaultElementLocator 'By.xpath: //div[@class='loading-wrapper']' (tried for 10 second(s) with 500 milliseconds interval)
2020-21-13 13:21:30.340 [main] INFO   - Click Submit and login 
2020-21-13 13:21:41.473 [main] ERROR  - Expected condition failed: waiting for visibility of Proxy element for: DefaultElementLocator 'By.xpath: //div[@class='loading-wrapper']' (tried for 10 second(s) with 500 milliseconds interval)
2020-28-13 13:28:48.600 [main] INFO   - Click Submit and login 
2020-28-13 13:28:49.494 [main] INFO   - Session Terminated proceed further
2020-28-13 13:28:52.215 [main] INFO   - On Dashboard
2020-28-13 13:28:52.847 [main] INFO   - Add new client
2020-29-13 13:29:45.842 [main] INFO   - Click Submit and login 
2020-29-13 13:29:56.484 [main] INFO   - Session not terminated
2020-29-13 13:29:56.485 [main] INFO   - Expected condition failed: waiting for visibility of Proxy element for: DefaultElementLocator 'By.xpath: //button[contains(@class,'btn btn-primary')]' (tried for 10 second(s) with 500 milliseconds interval) org.openqa.selenium.NoSuchElementException: no such element: Unable to locate element: {"method":"xpath","selector":"//button[contains(@class,'btn btn-primary')]"}
  (Session info: chrome=70.0.3538.67)
  (Driver info: chromedriver=70.0.3538.16 (16ed95b41bb05e565b11fb66ac33c660b721f778),platform=Windows NT 10.0.18363 x86_64) (WARNING: The server did not provide any stacktrace information)
Command duration or timeout: 0 milliseconds
For documentation on this error, please visit: https://www.seleniumhq.org/exceptions/no_such_element.html
Build info: version: '3.141.59', revision: 'e82be7d358', time: '2018-11-14T08:17:03'
System info: host: 'GFL-2018', ip: '10.58.58.15', os.name: 'Windows 10', os.arch: 'amd64', os.version: '10.0', java.version: '11.0.4'
Driver info: org.openqa.selenium.chrome.ChromeDriver
Capabilities {acceptInsecureCerts: false, acceptSslCerts: false, applicationCacheEnabled: false, browserConnectionEnabled: false, browserName: chrome, chrome: {chromedriverVersion: 70.0.3538.16 (16ed95b41bb05..., userDataDir: C:\Users\EAVKSE~1\AppData\L...}, cssSelectorsEnabled: true, databaseEnabled: false, goog:chromeOptions: {debuggerAddress: localhost:7368}, handlesAlerts: true, hasTouchScreen: false, javascriptEnabled: true, locationContextEnabled: true, mobileEmulationEnabled: false, nativeEvents: true, networkConnectionEnabled: false, pageLoadStrategy: normal, platform: XP, platformName: XP, rotatable: false, setWindowRect: true, takesHeapSnapshot: true, takesScreenshot: true, unexpectedAlertBehaviour: , unhandledPromptBehavior: , version: 70.0.3538.67, webStorageEnabled: true}
Session ID: eb1b558e6d72547d37c8e035e06490ad
*** Element info: {Using=xpath, value=//button[contains(@class,'btn btn-primary')]}
2020-29-13 13:29:56.507 [main] INFO   - On Dashboard
2020-29-13 13:29:57.651 [main] INFO   - Add new client
2020-32-13 13:32:13.498 [main] INFO   - Click Submit and login 
2020-32-13 13:32:14.380 [main] INFO   - Session Terminated proceed further
2020-32-13 13:32:17.243 [main] INFO   - On Dashboard
2020-32-13 13:32:17.877 [main] INFO   - Add new client
2020-32-13 13:32:40.543 [main] INFO   - Click Submit and login 
2020-32-13 13:32:41.421 [main] INFO   - Session Terminated proceed further
2020-32-13 13:32:44.237 [main] INFO   - On Dashboard
2020-32-13 13:32:44.868 [main] INFO   - Add new client
2020-33-13 13:33:57.347 [main] INFO   - Click Submit and login 
2020-33-13 13:33:58.318 [main] INFO   - Session Terminated proceed further
2020-34-13 13:34:01.199 [main] INFO   - On Dashboard
2020-34-13 13:34:01.849 [main] INFO   - Add new client
2020-20-13 15:20:37.030 [main] ERROR  - Expected condition failed: waiting for visibility of Proxy element for: DefaultElementLocator 'By.xpath: //input[@type='password']' (tried for 10 second(s) with 500 milliseconds interval)
2020-22-13 15:22:11.224 [main] INFO   - Click Submit and login 
2020-22-13 15:22:12.092 [main] INFO   - Session Terminated proceed further
2020-22-13 15:22:16.371 [main] INFO   - On Dashboard
2020-22-13 15:22:17.038 [main] INFO   - Add new client
2020-23-13 15:23:06.981 [main] INFO   - Click Submit and login 
2020-23-13 15:23:07.868 [main] INFO   - Session Terminated proceed further
2020-23-13 15:23:10.857 [main] INFO   - On Dashboard
2020-23-13 15:23:11.572 [main] INFO   - Add new client
2020-24-13 15:24:14.797 [main] INFO   - Click Submit and login 
2020-24-13 15:24:15.689 [main] INFO   - Session Terminated proceed further
2020-24-13 15:24:18.682 [main] INFO   - On Dashboard
2020-24-13 15:24:19.342 [main] INFO   - Add new client
2020-25-13 15:25:12.406 [main] INFO   - Click Submit and login 
2020-25-13 15:25:13.350 [main] INFO   - Session Terminated proceed further
2020-25-13 15:25:16.354 [main] INFO   - On Dashboard
2020-25-13 15:25:17.075 [main] INFO   - Add new client
2020-59-13 15:59:49.140 [main] INFO   - Click Submit and login 
2020-00-13 16:00:04.780 [main] INFO   - Session not terminated
2020-00-13 16:00:04.780 [main] INFO   - Expected condition failed: waiting for visibility of Proxy element for: DefaultElementLocator 'By.xpath: //button[contains(@class,'btn btn-primary')]' (tried for 10 second(s) with 500 milliseconds interval) org.openqa.selenium.NoSuchElementException: no such element: Unable to locate element: {"method":"xpath","selector":"//button[contains(@class,'btn btn-primary')]"}
  (Session info: chrome=70.0.3538.67)
  (Driver info: chromedriver=70.0.3538.16 (16ed95b41bb05e565b11fb66ac33c660b721f778),platform=Windows NT 10.0.18363 x86_64) (WARNING: The server did not provide any stacktrace information)
Command duration or timeout: 0 milliseconds
For documentation on this error, please visit: https://www.seleniumhq.org/exceptions/no_such_element.html
Build info: version: '3.141.59', revision: 'e82be7d358', time: '2018-11-14T08:17:03'
System info: host: 'GFL-2018', ip: '10.58.58.15', os.name: 'Windows 10', os.arch: 'amd64', os.version: '10.0', java.version: '11.0.4'
Driver info: org.openqa.selenium.chrome.ChromeDriver
Capabilities {acceptInsecureCerts: false, acceptSslCerts: false, applicationCacheEnabled: false, browserConnectionEnabled: false, browserName: chrome, chrome: {chromedriverVersion: 70.0.3538.16 (16ed95b41bb05..., userDataDir: C:\Users\EAVKSE~1\AppData\L...}, cssSelectorsEnabled: true, databaseEnabled: false, goog:chromeOptions: {debuggerAddress: localhost:16995}, handlesAlerts: true, hasTouchScreen: false, javascriptEnabled: true, locationContextEnabled: true, mobileEmulationEnabled: false, nativeEvents: true, networkConnectionEnabled: false, pageLoadStrategy: normal, platform: XP, platformName: XP, rotatable: false, setWindowRect: true, takesHeapSnapshot: true, takesScreenshot: true, unexpectedAlertBehaviour: , unhandledPromptBehavior: , version: 70.0.3538.67, webStorageEnabled: true}
Session ID: 46dfa303764df2e03a01f5ea87950b71
*** Element info: {Using=xpath, value=//button[contains(@class,'btn btn-primary')]}
2020-00-13 16:00:04.816 [main] INFO   - On Dashboard
2020-00-13 16:00:06.145 [main] INFO   - Add new client
2020-01-13 16:01:43.083 [main] INFO   - Click Submit and login 
2020-01-13 16:01:53.496 [main] INFO   - Session not terminated
2020-01-13 16:01:53.497 [main] INFO   - Expected condition failed: waiting for visibility of Proxy element for: DefaultElementLocator 'By.xpath: //button[contains(@class,'btn btn-primary')]' (tried for 10 second(s) with 500 milliseconds interval) org.openqa.selenium.NoSuchElementException: no such element: Unable to locate element: {"method":"xpath","selector":"//button[contains(@class,'btn btn-primary')]"}
  (Session info: chrome=70.0.3538.67)
  (Driver info: chromedriver=70.0.3538.16 (16ed95b41bb05e565b11fb66ac33c660b721f778),platform=Windows NT 10.0.18363 x86_64) (WARNING: The server did not provide any stacktrace information)
Command duration or timeout: 0 milliseconds
For documentation on this error, please visit: https://www.seleniumhq.org/exceptions/no_such_element.html
Build info: version: '3.141.59', revision: 'e82be7d358', time: '2018-11-14T08:17:03'
System info: host: 'GFL-2018', ip: '10.58.58.15', os.name: 'Windows 10', os.arch: 'amd64', os.version: '10.0', java.version: '11.0.4'
Driver info: org.openqa.selenium.chrome.ChromeDriver
Capabilities {acceptInsecureCerts: false, acceptSslCerts: false, applicationCacheEnabled: false, browserConnectionEnabled: false, browserName: chrome, chrome: {chromedriverVersion: 70.0.3538.16 (16ed95b41bb05..., userDataDir: C:\Users\EAVKSE~1\AppData\L...}, cssSelectorsEnabled: true, databaseEnabled: false, goog:chromeOptions: {debuggerAddress: localhost:17165}, handlesAlerts: true, hasTouchScreen: false, javascriptEnabled: true, locationContextEnabled: true, mobileEmulationEnabled: false, nativeEvents: true, networkConnectionEnabled: false, pageLoadStrategy: normal, platform: XP, platformName: XP, rotatable: false, setWindowRect: true, takesHeapSnapshot: true, takesScreenshot: true, unexpectedAlertBehaviour: , unhandledPromptBehavior: , version: 70.0.3538.67, webStorageEnabled: true}
Session ID: 64043faebe182ea7a4f2e55c562f9c57
*** Element info: {Using=xpath, value=//button[contains(@class,'btn btn-primary')]}
2020-01-13 16:01:53.527 [main] INFO   - On Dashboard
2020-01-13 16:01:54.755 [main] INFO   - Add new client
2020-04-13 16:04:46.796 [main] INFO   - Click Submit and login 
2020-04-13 16:04:47.741 [main] INFO   - Session Terminated proceed further
2020-04-13 16:04:50.766 [main] INFO   - On Dashboard
2020-04-13 16:04:51.470 [main] INFO   - Add new client
2020-45-13 16:45:56.323 [main] ERROR  - Expected condition failed: waiting for visibility of Proxy element for: DefaultElementLocator 'By.xpath: //input[@type='password']' (tried for 10 second(s) with 500 milliseconds interval)
2020-47-13 16:47:14.577 [main] INFO   - Click Submit and login 
2020-47-13 16:47:18.350 [main] INFO   - On Dashboard
2020-47-13 16:47:18.977 [main] INFO   - Add new client
2020-48-13 16:48:17.357 [main] INFO   - Click Submit and login 
2020-48-13 16:48:21.095 [main] INFO   - On Dashboard
2020-48-13 16:48:21.821 [main] INFO   - Add new client
2020-49-13 16:49:32.397 [main] INFO   - Click Submit and login 
2020-49-13 16:49:35.510 [main] INFO   - On Dashboard
2020-49-13 16:49:44.273 [main] INFO   - Add new client
2020-51-13 16:51:06.735 [main] INFO   - Click Submit and login 
2020-51-13 16:51:09.752 [main] INFO   - On Dashboard
2020-51-13 16:51:10.456 [main] INFO   - Add new client
2020-56-13 16:56:57.207 [main] INFO   - Click Submit and login 
2020-57-13 16:57:03.664 [main] INFO   - On Dashboard
2020-57-13 16:57:04.369 [main] INFO   - Add new client
2020-57-13 16:57:32.011 [main] INFO   - Click Submit and login 
2020-57-13 16:57:35.902 [main] INFO   - On Dashboard
2020-57-13 16:57:36.585 [main] INFO   - Add new client
2020-58-13 16:58:28.884 [main] INFO   - Click Submit and login 
2020-58-13 16:58:31.963 [main] INFO   - On Dashboard
2020-58-13 16:58:32.638 [main] INFO   - Add new client
2020-07-13 18:07:36.456 [main] INFO   - Click Submit and login 
2020-07-13 18:07:39.538 [main] INFO   - On Dashboard
2020-07-13 18:07:39.881 [main] ERROR  - no such element: Unable to locate element: {"method":"xpath","selector":"//div[@id='hcn']//input"}
  (Session info: chrome=70.0.3538.67)
  (Driver info: chromedriver=70.0.3538.16 (16ed95b41bb05e565b11fb66ac33c660b721f778),platform=Windows NT 10.0.18363 x86_64) (WARNING: The server did not provide any stacktrace information)
Command duration or timeout: 0 milliseconds
For documentation on this error, please visit: https://www.seleniumhq.org/exceptions/no_such_element.html
Build info: version: '3.141.59', revision: 'e82be7d358', time: '2018-11-14T08:17:03'
System info: host: 'GFL-2018', ip: '10.58.58.15', os.name: 'Windows 10', os.arch: 'amd64', os.version: '10.0', java.version: '11.0.4'
Driver info: org.openqa.selenium.chrome.ChromeDriver
Capabilities {acceptInsecureCerts: false, acceptSslCerts: false, applicationCacheEnabled: false, browserConnectionEnabled: false, browserName: chrome, chrome: {chromedriverVersion: 70.0.3538.16 (16ed95b41bb05..., userDataDir: C:\Users\EAVKSE~1\AppData\L...}, cssSelectorsEnabled: true, databaseEnabled: false, goog:chromeOptions: {debuggerAddress: localhost:22279}, handlesAlerts: true, hasTouchScreen: false, javascriptEnabled: true, locationContextEnabled: true, mobileEmulationEnabled: false, nativeEvents: true, networkConnectionEnabled: false, pageLoadStrategy: normal, platform: XP, platformName: XP, rotatable: false, setWindowRect: true, takesHeapSnapshot: true, takesScreenshot: true, unexpectedAlertBehaviour: , unhandledPromptBehavior: , version: 70.0.3538.67, webStorageEnabled: true}
Session ID: e02976c842cf6de8bdfe29efe3a9f8e1
*** Element info: {Using=xpath, value=//div[@id='hcn']//input}
2020-11-13 18:11:10.826 [main] INFO   - Click Submit and login 
2020-11-13 18:11:14.200 [main] INFO   - On Dashboard
2020-50-13 18:50:33.264 [main] INFO   - Click Submit and login 
2020-50-13 18:50:37.079 [main] INFO   - On Dashboard
2020-50-13 18:50:37.771 [main] ERROR  - no such element: Unable to locate element: {"method":"xpath","selector":"//tr[@class='odd cursor-pointer']"}
  (Session info: chrome=70.0.3538.67)
  (Driver info: chromedriver=70.0.3538.16 (16ed95b41bb05e565b11fb66ac33c660b721f778),platform=Windows NT 10.0.18363 x86_64) (WARNING: The server did not provide any stacktrace information)
Command duration or timeout: 0 milliseconds
For documentation on this error, please visit: https://www.seleniumhq.org/exceptions/no_such_element.html
Build info: version: '3.141.59', revision: 'e82be7d358', time: '2018-11-14T08:17:03'
System info: host: 'GFL-2018', ip: '10.58.58.15', os.name: 'Windows 10', os.arch: 'amd64', os.version: '10.0', java.version: '11.0.4'
Driver info: org.openqa.selenium.chrome.ChromeDriver
Capabilities {acceptInsecureCerts: false, acceptSslCerts: false, applicationCacheEnabled: false, browserConnectionEnabled: false, browserName: chrome, chrome: {chromedriverVersion: 70.0.3538.16 (16ed95b41bb05..., userDataDir: C:\Users\EAVKSE~1\AppData\L...}, cssSelectorsEnabled: true, databaseEnabled: false, goog:chromeOptions: {debuggerAddress: localhost:25770}, handlesAlerts: true, hasTouchScreen: false, javascriptEnabled: true, locationContextEnabled: true, mobileEmulationEnabled: false, nativeEvents: true, networkConnectionEnabled: false, pageLoadStrategy: normal, platform: XP, platformName: XP, rotatable: false, setWindowRect: true, takesHeapSnapshot: true, takesScreenshot: true, unexpectedAlertBehaviour: , unhandledPromptBehavior: , version: 70.0.3538.67, webStorageEnabled: true}
Session ID: 0da10f2eba866c0822ded2e372dad9ad
*** Element info: {Using=xpath, value=//tr[@class='odd cursor-pointer']}
2020-52-13 18:52:13.281 [main] INFO   - Click Submit and login 
2020-52-13 18:52:17.061 [main] INFO   - On Dashboard
2020-04-14 16:04:49.002 [main] ERROR  - Unrecognized field "assessmenttype" (class com.qa.pom.utils.YamlFile), not marked as ignorable (6 known properties: "test", "hcn", "anotherTestKeys", "password", "email", "url"])
 at [Source: (File); line: 6, column: 35] (through reference chain: com.qa.pom.utils.YamlFile["assessmenttype"])
2020-10-14 16:10:37.039 [main] ERROR  - Unrecognized field "assessment" (class com.qa.pom.utils.YamlFile), not marked as ignorable (6 known properties: "test", "hcn", "anotherTestKeys", "password", "email", "url"])
 at [Source: (File); line: 6, column: 31] (through reference chain: com.qa.pom.utils.YamlFile["assessment"])
2020-14-14 16:14:26.036 [main] INFO   - Click Submit and login 
2020-14-14 16:14:29.747 [main] INFO   - On Dashboard
2020-14-14 16:14:32.253 [main] INFO   - On Pathways
2020-14-14 16:14:32.708 [main] ERROR  - element not interactable
  (Session info: chrome=70.0.3538.67)
  (Driver info: chromedriver=70.0.3538.16 (16ed95b41bb05e565b11fb66ac33c660b721f778),platform=Windows NT 10.0.18363 x86_64) (WARNING: The server did not provide any stacktrace information)
Command duration or timeout: 0 milliseconds
Build info: version: '3.141.59', revision: 'e82be7d358', time: '2018-11-14T08:17:03'
System info: host: 'GFL-2018', ip: '10.58.58.15', os.name: 'Windows 10', os.arch: 'amd64', os.version: '10.0', java.version: '11.0.4'
Driver info: org.openqa.selenium.chrome.ChromeDriver
Capabilities {acceptInsecureCerts: false, acceptSslCerts: false, applicationCacheEnabled: false, browserConnectionEnabled: false, browserName: chrome, chrome: {chromedriverVersion: 70.0.3538.16 (16ed95b41bb05..., userDataDir: C:\Users\EAVKSE~1\AppData\L...}, cssSelectorsEnabled: true, databaseEnabled: false, goog:chromeOptions: {debuggerAddress: localhost:39755}, handlesAlerts: true, hasTouchScreen: false, javascriptEnabled: true, locationContextEnabled: true, mobileEmulationEnabled: false, nativeEvents: true, networkConnectionEnabled: false, pageLoadStrategy: normal, platform: XP, platformName: XP, rotatable: false, setWindowRect: true, takesHeapSnapshot: true, takesScreenshot: true, unexpectedAlertBehaviour: , unhandledPromptBehavior: , version: 70.0.3538.67, webStorageEnabled: true}
Session ID: 259292a8e176c9cab07b419c7da5d984
2020-17-14 16:17:39.964 [main] INFO   - Click Submit and login 
2020-17-14 16:17:43.631 [main] INFO   - On Dashboard
2020-17-14 16:17:46.214 [main] INFO   - On Pathways
2020-17-14 16:17:54.808 [main] ERROR  - element not interactable
  (Session info: chrome=70.0.3538.67)
  (Driver info: chromedriver=70.0.3538.16 (16ed95b41bb05e565b11fb66ac33c660b721f778),platform=Windows NT 10.0.18363 x86_64) (WARNING: The server did not provide any stacktrace information)
Command duration or timeout: 0 milliseconds
Build info: version: '3.141.59', revision: 'e82be7d358', time: '2018-11-14T08:17:03'
System info: host: 'GFL-2018', ip: '10.58.58.15', os.name: 'Windows 10', os.arch: 'amd64', os.version: '10.0', java.version: '11.0.4'
Driver info: org.openqa.selenium.chrome.ChromeDriver
Capabilities {acceptInsecureCerts: false, acceptSslCerts: false, applicationCacheEnabled: false, browserConnectionEnabled: false, browserName: chrome, chrome: {chromedriverVersion: 70.0.3538.16 (16ed95b41bb05..., userDataDir: C:\Users\EAVKSE~1\AppData\L...}, cssSelectorsEnabled: true, databaseEnabled: false, goog:chromeOptions: {debuggerAddress: localhost:40069}, handlesAlerts: true, hasTouchScreen: false, javascriptEnabled: true, locationContextEnabled: true, mobileEmulationEnabled: false, nativeEvents: true, networkConnectionEnabled: false, pageLoadStrategy: normal, platform: XP, platformName: XP, rotatable: false, setWindowRect: true, takesHeapSnapshot: true, takesScreenshot: true, unexpectedAlertBehaviour: , unhandledPromptBehavior: , version: 70.0.3538.67, webStorageEnabled: true}
Session ID: 37432bddf55b533756655fd21805ae0f
2020-23-14 16:23:11.812 [main] INFO   - Click Submit and login 
2020-23-14 16:23:15.543 [main] INFO   - On Dashboard
2020-23-14 16:23:23.157 [main] INFO   - On Pathways
2020-23-14 16:23:26.265 [main] ERROR  - element not interactable
  (Session info: chrome=70.0.3538.67)
  (Driver info: chromedriver=70.0.3538.16 (16ed95b41bb05e565b11fb66ac33c660b721f778),platform=Windows NT 10.0.18363 x86_64) (WARNING: The server did not provide any stacktrace information)
Command duration or timeout: 0 milliseconds
Build info: version: '3.141.59', revision: 'e82be7d358', time: '2018-11-14T08:17:03'
System info: host: 'GFL-2018', ip: '10.58.58.15', os.name: 'Windows 10', os.arch: 'amd64', os.version: '10.0', java.version: '11.0.4'
Driver info: org.openqa.selenium.chrome.ChromeDriver
Capabilities {acceptInsecureCerts: false, acceptSslCerts: false, applicationCacheEnabled: false, browserConnectionEnabled: false, browserName: chrome, chrome: {chromedriverVersion: 70.0.3538.16 (16ed95b41bb05..., userDataDir: C:\Users\EAVKSE~1\AppData\L...}, cssSelectorsEnabled: true, databaseEnabled: false, goog:chromeOptions: {debuggerAddress: localhost:40548}, handlesAlerts: true, hasTouchScreen: false, javascriptEnabled: true, locationContextEnabled: true, mobileEmulationEnabled: false, nativeEvents: true, networkConnectionEnabled: false, pageLoadStrategy: normal, platform: XP, platformName: XP, rotatable: false, setWindowRect: true, takesHeapSnapshot: true, takesScreenshot: true, unexpectedAlertBehaviour: , unhandledPromptBehavior: , version: 70.0.3538.67, webStorageEnabled: true}
Session ID: ddd2c59ea95511caeb8b20a82615f15d
2020-25-14 16:25:28.269 [main] INFO   - Click Submit and login 
2020-25-14 16:25:31.896 [main] INFO   - On Dashboard
2020-25-14 16:25:33.972 [main] INFO   - On Pathways
2020-25-14 16:25:34.501 [main] ERROR  - element not interactable
  (Session info: chrome=70.0.3538.67)
  (Driver info: chromedriver=70.0.3538.16 (16ed95b41bb05e565b11fb66ac33c660b721f778),platform=Windows NT 10.0.18363 x86_64) (WARNING: The server did not provide any stacktrace information)
Command duration or timeout: 0 milliseconds
Build info: version: '3.141.59', revision: 'e82be7d358', time: '2018-11-14T08:17:03'
System info: host: 'GFL-2018', ip: '10.58.58.15', os.name: 'Windows 10', os.arch: 'amd64', os.version: '10.0', java.version: '11.0.4'
Driver info: org.openqa.selenium.chrome.ChromeDriver
Capabilities {acceptInsecureCerts: false, acceptSslCerts: false, applicationCacheEnabled: false, browserConnectionEnabled: false, browserName: chrome, chrome: {chromedriverVersion: 70.0.3538.16 (16ed95b41bb05..., userDataDir: C:\Users\EAVKSE~1\AppData\L...}, cssSelectorsEnabled: true, databaseEnabled: false, goog:chromeOptions: {debuggerAddress: localhost:40746}, handlesAlerts: true, hasTouchScreen: false, javascriptEnabled: true, locationContextEnabled: true, mobileEmulationEnabled: false, nativeEvents: true, networkConnectionEnabled: false, pageLoadStrategy: normal, platform: XP, platformName: XP, rotatable: false, setWindowRect: true, takesHeapSnapshot: true, takesScreenshot: true, unexpectedAlertBehaviour: , unhandledPromptBehavior: , version: 70.0.3538.67, webStorageEnabled: true}
Session ID: afde651cb3fabd0fe009cb88a77bccaf
2020-41-14 16:41:02.420 [main] INFO   - Click Submit and login 
2020-41-14 16:41:08.286 [main] INFO   - On Dashboard
2020-41-14 16:41:10.415 [main] INFO   - On Pathways
2020-41-14 16:41:31.028 [main] ERROR  - Expected condition failed: waiting for visibility of [[ChromeDriver: chrome on XP (7d59d3a5daa5fb7f91a3680a04744965)] -> xpath: //input[contains(@value,'INTERRAI_CHA_FS_MH')]] (tried for 20 second(s) with 500 milliseconds interval)
Build info: version: '3.141.59', revision: 'e82be7d358', time: '2018-11-14T08:17:03'
System info: host: 'GFL-2018', ip: '10.58.58.15', os.name: 'Windows 10', os.arch: 'amd64', os.version: '10.0', java.version: '11.0.4'
Driver info: org.openqa.selenium.chrome.ChromeDriver
Capabilities {acceptInsecureCerts: false, acceptSslCerts: false, applicationCacheEnabled: false, browserConnectionEnabled: false, browserName: chrome, chrome: {chromedriverVersion: 70.0.3538.16 (16ed95b41bb05..., userDataDir: C:\Users\EAVKSE~1\AppData\L...}, cssSelectorsEnabled: true, databaseEnabled: false, goog:chromeOptions: {debuggerAddress: localhost:41761}, handlesAlerts: true, hasTouchScreen: false, javascriptEnabled: true, locationContextEnabled: true, mobileEmulationEnabled: false, nativeEvents: true, networkConnectionEnabled: false, pageLoadStrategy: normal, platform: XP, platformName: XP, rotatable: false, setWindowRect: true, takesHeapSnapshot: true, takesScreenshot: true, unexpectedAlertBehaviour: , unhandledPromptBehavior: , version: 70.0.3538.67, webStorageEnabled: true}
Session ID: 7d59d3a5daa5fb7f91a3680a04744965
2020-51-14 16:51:48.370 [main] INFO   - Click Submit and login 
2020-52-14 16:52:01.342 [main] INFO   - On Dashboard
2020-52-14 16:52:06.632 [main] INFO   - On Pathways
2020-52-14 16:52:27.254 [main] ERROR  - Expected condition failed: waiting for visibility of [[ChromeDriver: chrome on XP (13cf7d7a679466a1590d0b6c4f35d01a)] -> xpath: //input[contains(@value,'INTERRAI_CHA_FS_MH')]] (tried for 20 second(s) with 500 milliseconds interval)
Build info: version: '3.141.59', revision: 'e82be7d358', time: '2018-11-14T08:17:03'
System info: host: 'GFL-2018', ip: '10.58.58.15', os.name: 'Windows 10', os.arch: 'amd64', os.version: '10.0', java.version: '11.0.4'
Driver info: org.openqa.selenium.chrome.ChromeDriver
Capabilities {acceptInsecureCerts: false, acceptSslCerts: false, applicationCacheEnabled: false, browserConnectionEnabled: false, browserName: chrome, chrome: {chromedriverVersion: 70.0.3538.16 (16ed95b41bb05..., userDataDir: C:\Users\EAVKSE~1\AppData\L...}, cssSelectorsEnabled: true, databaseEnabled: false, goog:chromeOptions: {debuggerAddress: localhost:1768}, handlesAlerts: true, hasTouchScreen: false, javascriptEnabled: true, locationContextEnabled: true, mobileEmulationEnabled: false, nativeEvents: true, networkConnectionEnabled: false, pageLoadStrategy: normal, platform: XP, platformName: XP, rotatable: false, setWindowRect: true, takesHeapSnapshot: true, takesScreenshot: true, unexpectedAlertBehaviour: , unhandledPromptBehavior: , version: 70.0.3538.67, webStorageEnabled: true}
Session ID: 13cf7d7a679466a1590d0b6c4f35d01a
2020-06-14 17:06:01.909 [main] INFO   - Click Submit and login 
2020-06-14 17:06:08.263 [main] INFO   - On Dashboard
2020-06-14 17:06:10.400 [main] INFO   - On Pathways
2020-06-14 17:06:31.130 [main] ERROR  - Expected condition failed: waiting for visibility of [[ChromeDriver: chrome on XP (7a089f5093a5b6773fc4dd9aa6a392ce)] -> xpath: //input[contains(@value,'INTERRAI_CHA_FS_MH')]] (tried for 20 second(s) with 500 milliseconds interval)
Build info: version: '3.141.59', revision: 'e82be7d358', time: '2018-11-14T08:17:03'
System info: host: 'GFL-2018', ip: '10.58.58.15', os.name: 'Windows 10', os.arch: 'amd64', os.version: '10.0', java.version: '11.0.4'
Driver info: org.openqa.selenium.chrome.ChromeDriver
Capabilities {acceptInsecureCerts: false, acceptSslCerts: false, applicationCacheEnabled: false, browserConnectionEnabled: false, browserName: chrome, chrome: {chromedriverVersion: 70.0.3538.16 (16ed95b41bb05..., userDataDir: C:\Users\EAVKSE~1\AppData\L...}, cssSelectorsEnabled: true, databaseEnabled: false, goog:chromeOptions: {debuggerAddress: localhost:3019}, handlesAlerts: true, hasTouchScreen: false, javascriptEnabled: true, locationContextEnabled: true, mobileEmulationEnabled: false, nativeEvents: true, networkConnectionEnabled: false, pageLoadStrategy: normal, platform: XP, platformName: XP, rotatable: false, setWindowRect: true, takesHeapSnapshot: true, takesScreenshot: true, unexpectedAlertBehaviour: , unhandledPromptBehavior: , version: 70.0.3538.67, webStorageEnabled: true}
Session ID: 7a089f5093a5b6773fc4dd9aa6a392ce
2020-11-14 17:11:41.694 [main] INFO   - Click Submit and login 
2020-11-14 17:11:45.455 [main] INFO   - On Dashboard
2020-11-14 17:11:47.522 [main] INFO   - On Pathways
2020-12-14 18:12:51.332 [main] INFO   - Click Submit and login 
2020-12-14 18:12:55.061 [main] INFO   - On Dashboard
2020-12-14 18:12:57.223 [main] INFO   - On Pathways
2020-13-14 18:13:32.290 [main] INFO   - Click Submit and login 
2020-13-14 18:13:35.949 [main] INFO   - On Dashboard
2020-13-14 18:13:38.065 [main] INFO   - On Pathways
2020-59-14 18:59:09.034 [main] INFO   - Click Submit and login 
2020-59-14 18:59:12.180 [main] INFO   - On Dashboard
2020-59-14 18:59:14.374 [main] INFO   - On Pathways
2020-59-14 18:59:35.248 [main] ERROR  - Expected condition failed: waiting for visibility of Proxy element for: DefaultElementLocator 'By.xpath: //div[@class='loading-wrapper']' (tried for 20 second(s) with 500 milliseconds interval)
2020-11-14 21:11:13.104 [main] INFO   - Click Submit and login 
2020-11-14 21:11:20.050 [main] INFO   - On Dashboard
2020-11-14 21:11:24.161 [main] INFO   - On Pathways
2020-11-14 21:11:32.656 [main] ERROR  - no such element: Unable to locate element: {"method":"xpath","selector":"//ul[contains(@data-assessment-type,'interRAI CHA (CHA-FS, CHA-MH)')]//div[contains(@class,'in_progress')]"}
  (Session info: chrome=79.0.3945.130)
  (Driver info: chromedriver=70.0.3538.16 (16ed95b41bb05e565b11fb66ac33c660b721f778),platform=Windows NT 10.0.18362 x86_64) (WARNING: The server did not provide any stacktrace information)
Command duration or timeout: 0 milliseconds
For documentation on this error, please visit: https://www.seleniumhq.org/exceptions/no_such_element.html
Build info: version: '3.141.59', revision: 'e82be7d358', time: '2018-11-14T08:17:03'
System info: host: 'DESKTOP-3BK3TIH', ip: '192.168.0.186', os.name: 'Windows 10', os.arch: 'amd64', os.version: '10.0', java.version: '11.0.4'
Driver info: org.openqa.selenium.chrome.ChromeDriver
Capabilities {acceptInsecureCerts: false, acceptSslCerts: false, applicationCacheEnabled: false, browserConnectionEnabled: false, browserName: chrome, chrome: {chromedriverVersion: 70.0.3538.16 (16ed95b41bb05..., userDataDir: C:\Users\A946~1\AppData\Loc...}, cssSelectorsEnabled: true, databaseEnabled: false, goog:chromeOptions: {debuggerAddress: localhost:51580}, handlesAlerts: true, hasTouchScreen: false, javascriptEnabled: true, locationContextEnabled: true, mobileEmulationEnabled: false, nativeEvents: true, networkConnectionEnabled: false, pageLoadStrategy: normal, platform: XP, platformName: XP, rotatable: false, setWindowRect: true, takesHeapSnapshot: true, takesScreenshot: true, unexpectedAlertBehaviour: , unhandledPromptBehavior: , version: 79.0.3945.130, webStorageEnabled: true}
Session ID: 7924207502caa3de448068338642a39b
*** Element info: {Using=xpath, value=//ul[contains(@data-assessment-type,'interRAI CHA (CHA-FS, CHA-MH)')]//div[contains(@class,'in_progress')]}
2020-12-14 21:12:00.670 [main] INFO   - Click Submit and login 
2020-12-14 21:12:05.915 [main] INFO   - On Dashboard
2020-12-14 21:12:08.060 [main] INFO   - On Pathways
2020-15-14 21:15:55.819 [main] INFO   - Click Submit and login 
2020-15-14 21:15:59.538 [main] INFO   - On Dashboard
2020-16-14 21:16:04.704 [main] INFO   - On Pathways
2020-18-15 01:18:53.131 [main] INFO   - Click Submit and login 
2020-18-15 01:18:58.001 [main] INFO   - On Dashboard
2020-19-15 01:19:02.319 [main] INFO   - On Pathways
2020-19-15 01:19:03.104 [main] ERROR  - unknown error: Element <a class="glf-double-navbar-item nav-item-new-assessment" data-ember-action="" data-ember-action-1900="1900">...</a> is not clickable at point (235, 25). Other element would receive the click: <div class="loading-wrapper">...</div>
  (Session info: chrome=79.0.3945.130)
  (Driver info: chromedriver=70.0.3538.16 (16ed95b41bb05e565b11fb66ac33c660b721f778),platform=Windows NT 10.0.18362 x86_64) (WARNING: The server did not provide any stacktrace information)
Command duration or timeout: 0 milliseconds
Build info: version: '3.141.59', revision: 'e82be7d358', time: '2018-11-14T08:17:03'
System info: host: 'DESKTOP-3BK3TIH', ip: '192.168.0.186', os.name: 'Windows 10', os.arch: 'amd64', os.version: '10.0', java.version: '11.0.4'
Driver info: org.openqa.selenium.chrome.ChromeDriver
Capabilities {acceptInsecureCerts: false, acceptSslCerts: false, applicationCacheEnabled: false, browserConnectionEnabled: false, browserName: chrome, chrome: {chromedriverVersion: 70.0.3538.16 (16ed95b41bb05..., userDataDir: C:\Users\A946~1\AppData\Loc...}, cssSelectorsEnabled: true, databaseEnabled: false, goog:chromeOptions: {debuggerAddress: localhost:60034}, handlesAlerts: true, hasTouchScreen: false, javascriptEnabled: true, locationContextEnabled: true, mobileEmulationEnabled: false, nativeEvents: true, networkConnectionEnabled: false, pageLoadStrategy: normal, platform: XP, platformName: XP, rotatable: false, setWindowRect: true, takesHeapSnapshot: true, takesScreenshot: true, unexpectedAlertBehaviour: , unhandledPromptBehavior: , version: 79.0.3945.130, webStorageEnabled: true}
Session ID: bcb369defd9fb48c3bfee37a1aca281a
2020-24-15 01:24:52.373 [main] INFO   - Click Submit and login 
2020-24-15 01:24:57.132 [main] INFO   - On Dashboard
2020-24-15 01:24:59.496 [main] INFO   - On Pathways
2020-27-15 01:27:30.766 [main] INFO   - Click Submit and login 
2020-27-15 01:27:34.514 [main] INFO   - On Dashboard
2020-27-15 01:27:36.705 [main] INFO   - On Pathways
2020-27-15 01:27:37.420 [main] ERROR  - unknown error: Element <a class="glf-double-navbar-item nav-item-new-assessment" data-ember-action="" data-ember-action-1923="1923">...</a> is not clickable at point (235, 25). Other element would receive the click: <div class="loading-wrapper">...</div>
  (Session info: chrome=79.0.3945.130)
  (Driver info: chromedriver=70.0.3538.16 (16ed95b41bb05e565b11fb66ac33c660b721f778),platform=Windows NT 10.0.18362 x86_64) (WARNING: The server did not provide any stacktrace information)
Command duration or timeout: 0 milliseconds
Build info: version: '3.141.59', revision: 'e82be7d358', time: '2018-11-14T08:17:03'
System info: host: 'DESKTOP-3BK3TIH', ip: '192.168.0.186', os.name: 'Windows 10', os.arch: 'amd64', os.version: '10.0', java.version: '11.0.4'
Driver info: org.openqa.selenium.chrome.ChromeDriver
Capabilities {acceptInsecureCerts: false, acceptSslCerts: false, applicationCacheEnabled: false, browserConnectionEnabled: false, browserName: chrome, chrome: {chromedriverVersion: 70.0.3538.16 (16ed95b41bb05..., userDataDir: C:\Users\A946~1\AppData\Loc...}, cssSelectorsEnabled: true, databaseEnabled: false, goog:chromeOptions: {debuggerAddress: localhost:60598}, handlesAlerts: true, hasTouchScreen: false, javascriptEnabled: true, locationContextEnabled: true, mobileEmulationEnabled: false, nativeEvents: true, networkConnectionEnabled: false, pageLoadStrategy: normal, platform: XP, platformName: XP, rotatable: false, setWindowRect: true, takesHeapSnapshot: true, takesScreenshot: true, unexpectedAlertBehaviour: , unhandledPromptBehavior: , version: 79.0.3945.130, webStorageEnabled: true}
Session ID: a97c46f8cbfa760690c48806bfefe3fe
2020-29-15 01:29:07.904 [main] INFO   - Click Submit and login 
2020-29-15 01:29:11.612 [main] INFO   - On Dashboard
2020-29-15 01:29:13.824 [main] INFO   - On Pathways
2020-29-15 01:29:34.308 [main] ERROR  - Expected condition failed: waiting for visibility of Proxy element for: DefaultElementLocator 'By.xpath: //div[@class='loading-wrapper']' (tried for 20 second(s) with 500 milliseconds interval)
2020-33-15 01:33:32.869 [main] INFO   - Click Submit and login 
2020-33-15 01:33:36.537 [main] INFO   - On Dashboard
2020-33-15 01:33:38.772 [main] INFO   - On Pathways
2020-33-15 01:33:39.560 [main] ERROR  - unknown error: Element <a class="glf-double-navbar-item nav-item-new-assessment" data-ember-action="" data-ember-action-1923="1923">...</a> is not clickable at point (235, 25). Other element would receive the click: <div class="loading-wrapper">...</div>
  (Session info: chrome=79.0.3945.130)
  (Driver info: chromedriver=70.0.3538.16 (16ed95b41bb05e565b11fb66ac33c660b721f778),platform=Windows NT 10.0.18362 x86_64) (WARNING: The server did not provide any stacktrace information)
Command duration or timeout: 0 milliseconds
Build info: version: '3.141.59', revision: 'e82be7d358', time: '2018-11-14T08:17:03'
System info: host: 'DESKTOP-3BK3TIH', ip: '192.168.0.186', os.name: 'Windows 10', os.arch: 'amd64', os.version: '10.0', java.version: '11.0.4'
Driver info: org.openqa.selenium.chrome.ChromeDriver
Capabilities {acceptInsecureCerts: false, acceptSslCerts: false, applicationCacheEnabled: false, browserConnectionEnabled: false, browserName: chrome, chrome: {chromedriverVersion: 70.0.3538.16 (16ed95b41bb05..., userDataDir: C:\Users\A946~1\AppData\Loc...}, cssSelectorsEnabled: true, databaseEnabled: false, goog:chromeOptions: {debuggerAddress: localhost:61028}, handlesAlerts: true, hasTouchScreen: false, javascriptEnabled: true, locationContextEnabled: true, mobileEmulationEnabled: false, nativeEvents: true, networkConnectionEnabled: false, pageLoadStrategy: normal, platform: XP, platformName: XP, rotatable: false, setWindowRect: true, takesHeapSnapshot: true, takesScreenshot: true, unexpectedAlertBehaviour: , unhandledPromptBehavior: , version: 79.0.3945.130, webStorageEnabled: true}
Session ID: 02485231c6de63aadedf5e7032023a7c
2020-41-15 01:41:39.734 [main] INFO   - Click Submit and login 
2020-41-15 01:41:43.473 [main] INFO   - On Dashboard
2020-41-15 01:41:45.724 [main] INFO   - On Pathways
2020-43-15 01:43:28.748 [main] INFO   - Click Submit and login 
2020-43-15 01:43:32.930 [main] INFO   - On Dashboard
2020-43-15 01:43:35.141 [main] INFO   - On Pathways
2020-44-15 01:44:16.149 [main] INFO   - Click Submit and login 
2020-44-15 01:44:19.795 [main] INFO   - On Dashboard
2020-44-15 01:44:21.998 [main] INFO   - On Pathways
2020-45-15 01:45:28.919 [main] INFO   - Click Submit and login 
2020-45-15 01:45:33.134 [main] INFO   - On Dashboard
2020-45-15 01:45:34.100 [main] INFO   - On Pathways
2020-45-15 01:45:34.524 [main] ERROR  - no such element: Unable to locate element: {"method":"xpath","selector":"//a[contains(@class,'new-assessment')]"}
  (Session info: chrome=79.0.3945.130)
  (Driver info: chromedriver=70.0.3538.16 (16ed95b41bb05e565b11fb66ac33c660b721f778),platform=Windows NT 10.0.18362 x86_64) (WARNING: The server did not provide any stacktrace information)
Command duration or timeout: 0 milliseconds
For documentation on this error, please visit: https://www.seleniumhq.org/exceptions/no_such_element.html
Build info: version: '3.141.59', revision: 'e82be7d358', time: '2018-11-14T08:17:03'
System info: host: 'DESKTOP-3BK3TIH', ip: '192.168.0.186', os.name: 'Windows 10', os.arch: 'amd64', os.version: '10.0', java.version: '11.0.4'
Driver info: org.openqa.selenium.chrome.ChromeDriver
Capabilities {acceptInsecureCerts: false, acceptSslCerts: false, applicationCacheEnabled: false, browserConnectionEnabled: false, browserName: chrome, chrome: {chromedriverVersion: 70.0.3538.16 (16ed95b41bb05..., userDataDir: C:\Users\A946~1\AppData\Loc...}, cssSelectorsEnabled: true, databaseEnabled: false, goog:chromeOptions: {debuggerAddress: localhost:61851}, handlesAlerts: true, hasTouchScreen: false, javascriptEnabled: true, locationContextEnabled: true, mobileEmulationEnabled: false, nativeEvents: true, networkConnectionEnabled: false, pageLoadStrategy: normal, platform: XP, platformName: XP, rotatable: false, setWindowRect: true, takesHeapSnapshot: true, takesScreenshot: true, unexpectedAlertBehaviour: , unhandledPromptBehavior: , version: 79.0.3945.130, webStorageEnabled: true}
Session ID: 952cd1fe4e155540d749ce4b1123980c
*** Element info: {Using=xpath, value=//a[contains(@class,'new-assessment')]}
2020-47-15 01:47:26.853 [main] INFO   - Click Submit and login 
2020-47-15 01:47:30.568 [main] INFO   - On Dashboard
2020-47-15 01:47:32.806 [main] INFO   - On Pathways
2020-48-15 01:48:08.941 [main] INFO   - Click Submit and login 
2020-48-15 01:48:12.627 [main] INFO   - On Dashboard
2020-48-15 01:48:14.899 [main] INFO   - On Pathways
2020-09-16 22:09:05.910 [main] INFO   - Click Submit and login 
2020-09-16 22:09:10.522 [main] INFO   - On Dashboard
2020-09-16 22:09:13.291 [main] INFO   - On Pathways
2020-14-16 22:14:45.119 [main] INFO   - Click Submit and login 
2020-14-16 22:14:49.142 [main] INFO   - On Dashboard
2020-14-16 22:14:51.325 [main] INFO   - On Pathways
2020-09-17 12:09:51.497 [main] INFO   - Click Submit and login 
2020-09-17 12:09:55.113 [main] INFO   - On Dashboard
2020-09-17 12:09:58.069 [main] INFO   - On Pathways
2020-29-17 15:29:34.911 [main] INFO   - Click Submit and login 
2020-29-17 15:29:38.518 [main] INFO   - On Dashboard
2020-29-17 15:29:40.697 [main] INFO   - On Pathways
2020-29-17 15:29:47.858 [main] INFO   - Radiobutton FS filled
2020-29-17 15:29:48.244 [main] INFO   - fillInTextField iA18b filled
2020-29-17 15:29:48.818 [main] INFO   - fillInDropdown iA18a filled
2020-09-17 18:09:12.906 [main] INFO   - Click Submit and login 
2020-09-17 18:09:16.724 [main] INFO   - On Dashboard
2020-09-17 18:09:18.872 [main] INFO   - On Pathways
2020-09-17 18:09:25.956 [main] INFO   - Radiobutton: FSValue: 0 filled
2020-09-17 18:09:26.295 [main] INFO   - TextField: iA18bText: test filled
2020-09-17 18:09:26.846 [main] INFO   - Dropdown: iA18aValue: 0 filled
2020-10-17 18:10:09.515 [main] INFO   - Click Submit and login 
2020-10-17 18:10:13.226 [main] INFO   - On Dashboard
2020-10-17 18:10:15.407 [main] INFO   - On Pathways
2020-10-17 18:10:22.696 [main] INFO   - Radiobutton: FS Value: 0 filled
2020-10-17 18:10:22.873 [main] INFO   - TextField: iA18b Text: test filled
2020-10-17 18:10:23.443 [main] INFO   - Dropdown: iA18a Value: 0 filled
2020-24-18 12:24:08.960 [main] INFO   - Click Submit and login 
2020-24-18 12:24:12.768 [main] INFO   - On Dashboard
2020-24-18 12:24:15.086 [main] INFO   - On Pathways
2020-24-18 12:24:24.434 [main] ERROR  - no such element: Unable to locate element: {"method":"xpath","selector":"//div[@varname='iA18a']//button[@type='button']"}
  (Session info: chrome=70.0.3538.67)
  (Driver info: chromedriver=70.0.3538.16 (16ed95b41bb05e565b11fb66ac33c660b721f778),platform=Windows NT 10.0.18363 x86_64) (WARNING: The server did not provide any stacktrace information)
Command duration or timeout: 0 milliseconds
For documentation on this error, please visit: https://www.seleniumhq.org/exceptions/no_such_element.html
Build info: version: '3.141.59', revision: 'e82be7d358', time: '2018-11-14T08:17:03'
System info: host: 'GFL-2018', ip: '10.58.58.15', os.name: 'Windows 10', os.arch: 'amd64', os.version: '10.0', java.version: '11.0.4'
Driver info: org.openqa.selenium.chrome.ChromeDriver
Capabilities {acceptInsecureCerts: false, acceptSslCerts: false, applicationCacheEnabled: false, browserConnectionEnabled: false, browserName: chrome, chrome: {chromedriverVersion: 70.0.3538.16 (16ed95b41bb05..., userDataDir: C:\Users\EAVKSE~1\AppData\L...}, cssSelectorsEnabled: true, databaseEnabled: false, goog:chromeOptions: {debuggerAddress: localhost:4948}, handlesAlerts: true, hasTouchScreen: false, javascriptEnabled: true, locationContextEnabled: true, mobileEmulationEnabled: false, nativeEvents: true, networkConnectionEnabled: false, pageLoadStrategy: normal, platform: XP, platformName: XP, rotatable: false, setWindowRect: true, takesHeapSnapshot: true, takesScreenshot: true, unexpectedAlertBehaviour: , unhandledPromptBehavior: , version: 70.0.3538.67, webStorageEnabled: true}
Session ID: ed9dcdd17a58078ca58dc0f343667cbb
*** Element info: {Using=xpath, value=//div[@varname='iA18a']//button[@type='button']}
2020-27-18 12:27:33.446 [main] INFO   - Click Submit and login 
2020-27-18 12:27:36.499 [main] INFO   - On Dashboard
2020-27-18 12:27:38.620 [main] INFO   - On Pathways
2020-27-18 12:27:48.036 [main] INFO   - Dropdown: iJ1g Value: 0 filled
2020-27-18 12:27:48.389 [main] INFO   - Dropdown: iJ1h Value: 0 filled
2020-27-18 12:27:48.924 [main] ERROR  - no such element: Unable to locate element: {"method":"xpath","selector":"//div[@class='formulas__header' and text()='Falls CAP']//following-sibling::div//span[@class='label label-success']"}
  (Session info: chrome=70.0.3538.67)
  (Driver info: chromedriver=70.0.3538.16 (16ed95b41bb05e565b11fb66ac33c660b721f778),platform=Windows NT 10.0.18363 x86_64) (WARNING: The server did not provide any stacktrace information)
Command duration or timeout: 0 milliseconds
For documentation on this error, please visit: https://www.seleniumhq.org/exceptions/no_such_element.html
Build info: version: '3.141.59', revision: 'e82be7d358', time: '2018-11-14T08:17:03'
System info: host: 'GFL-2018', ip: '10.58.58.15', os.name: 'Windows 10', os.arch: 'amd64', os.version: '10.0', java.version: '11.0.4'
Driver info: org.openqa.selenium.chrome.ChromeDriver
Capabilities {acceptInsecureCerts: false, acceptSslCerts: false, applicationCacheEnabled: false, browserConnectionEnabled: false, browserName: chrome, chrome: {chromedriverVersion: 70.0.3538.16 (16ed95b41bb05..., userDataDir: C:\Users\EAVKSE~1\AppData\L...}, cssSelectorsEnabled: true, databaseEnabled: false, goog:chromeOptions: {debuggerAddress: localhost:5277}, handlesAlerts: true, hasTouchScreen: false, javascriptEnabled: true, locationContextEnabled: true, mobileEmulationEnabled: false, nativeEvents: true, networkConnectionEnabled: false, pageLoadStrategy: normal, platform: XP, platformName: XP, rotatable: false, setWindowRect: true, takesHeapSnapshot: true, takesScreenshot: true, unexpectedAlertBehaviour: , unhandledPromptBehavior: , version: 70.0.3538.67, webStorageEnabled: true}
Session ID: baad93ca5fe72f938e85d92f89bf4602
*** Element info: {Using=xpath, value=//div[@class='formulas__header' and text()='Falls CAP']//following-sibling::div//span[@class='label label-success']}
2020-35-18 12:35:32.184 [main] INFO   - Click Submit and login 
2020-35-18 12:35:36.056 [main] INFO   - On Dashboard
2020-35-18 12:35:38.248 [main] INFO   - On Pathways
2020-35-18 12:35:48.654 [main] INFO   - Dropdown: iJ1g Value: 0 filled
2020-35-18 12:35:49.024 [main] INFO   - Dropdown: iJ1h Value: 0 filled
2020-36-18 12:36:53.426 [main] INFO   - Click Submit and login 
2020-37-18 12:37:07.626 [main] INFO   - On Dashboard
2020-37-18 12:37:09.877 [main] INFO   - On Pathways
2020-37-18 12:37:19.171 [main] INFO   - Dropdown: iJ1g Value: 0 filled
2020-37-18 12:37:19.522 [main] INFO   - Dropdown: iJ1h Value: 0 filled
2020-37-18 12:37:20.066 [main] ERROR  - Value of: Falls CAP is not as expected expected:<[3]> but was:<[0]>
2020-47-18 12:47:18.094 [main] INFO   - Click Submit and login 
2020-47-18 12:47:21.448 [main] INFO   - On Dashboard
2020-47-18 12:47:23.676 [main] INFO   - On Pathways
2020-47-18 12:47:45.715 [main] INFO   - Dropdown: iJ1g Value: 0 filled
2020-47-18 12:47:46.060 [main] INFO   - Dropdown: iJ1h Value: 0 filled
2020-47-18 12:47:46.670 [main] ERROR  - unknown error: Element <div type="button" class="btn section btn-danger" data-ember-action="" data-ember-action-4573="4573">...</div> is not clickable at point (162, 103). Other element would receive the click: <div class="modal in" style="display: block; padding-right: 17px; z-index: 1050;">...</div>
  (Session info: chrome=70.0.3538.67)
  (Driver info: chromedriver=70.0.3538.16 (16ed95b41bb05e565b11fb66ac33c660b721f778),platform=Windows NT 10.0.18363 x86_64) (WARNING: The server did not provide any stacktrace information)
Command duration or timeout: 0 milliseconds
Build info: version: '3.141.59', revision: 'e82be7d358', time: '2018-11-14T08:17:03'
System info: host: 'GFL-2018', ip: '10.58.58.15', os.name: 'Windows 10', os.arch: 'amd64', os.version: '10.0', java.version: '11.0.4'
Driver info: org.openqa.selenium.chrome.ChromeDriver
Capabilities {acceptInsecureCerts: false, acceptSslCerts: false, applicationCacheEnabled: false, browserConnectionEnabled: false, browserName: chrome, chrome: {chromedriverVersion: 70.0.3538.16 (16ed95b41bb05..., userDataDir: C:\Users\EAVKSE~1\AppData\L...}, cssSelectorsEnabled: true, databaseEnabled: false, goog:chromeOptions: {debuggerAddress: localhost:6929}, handlesAlerts: true, hasTouchScreen: false, javascriptEnabled: true, locationContextEnabled: true, mobileEmulationEnabled: false, nativeEvents: true, networkConnectionEnabled: false, pageLoadStrategy: normal, platform: XP, platformName: XP, rotatable: false, setWindowRect: true, takesHeapSnapshot: true, takesScreenshot: true, unexpectedAlertBehaviour: , unhandledPromptBehavior: , version: 70.0.3538.67, webStorageEnabled: true}
Session ID: 5f55abe5a1904c63692852febef6ea21
2020-52-18 12:52:46.028 [main] INFO   - Click Submit and login 
2020-52-18 12:52:55.395 [main] INFO   - On Dashboard
2020-52-18 12:52:59.522 [main] INFO   - On Pathways
2020-53-18 12:53:13.184 [main] INFO   - Dropdown: iJ1g Value: 0 filled
2020-53-18 12:53:13.560 [main] INFO   - Dropdown: iJ1h Value: 0 filled
2020-55-18 12:55:58.338 [main] INFO   - Click Submit and login 
2020-56-18 12:56:02.119 [main] INFO   - On Dashboard
2020-56-18 12:56:07.239 [main] INFO   - On Pathways
2020-56-18 12:56:17.761 [main] INFO   - Dropdown: iJ1g Value: 0 filled
2020-56-18 12:56:18.140 [main] INFO   - Dropdown: iJ1h Value: 0 filled
2020-56-18 12:56:18.683 [main] ERROR  - Value of: Falls CAP is not as expected expected:<[1]> but was:<[0]>
2020-58-18 12:58:52.118 [main] INFO   - Click Submit and login 
2020-58-18 12:58:55.932 [main] INFO   - On Dashboard
2020-58-18 12:58:59.673 [main] INFO   - On Pathways
2020-59-18 12:59:15.235 [main] INFO   - Dropdown: iJ1g Value: 0 filled
2020-59-18 12:59:15.613 [main] INFO   - Dropdown: iJ1h Value: 0 filled
2020-59-18 12:59:16.133 [main] ERROR  - Value of: Falls CAP is not as expected expected:<[1]> but was:<[0]>
2020-05-18 13:05:13.643 [main] INFO   - Click Submit and login 
2020-05-18 13:05:26.875 [main] INFO   - On Dashboard
2020-05-18 13:05:29.268 [main] INFO   - On Pathways
2020-05-18 13:05:38.789 [main] INFO   - Dropdown: iJ1g Value: 0 filled
2020-05-18 13:05:39.141 [main] INFO   - Dropdown: iJ1h Value: 0 filled
2020-05-18 13:05:39.683 [main] ERROR  - Value of: Falls CAP is not as expected expected:<[2]> but was:<[0]>
2020-42-18 13:42:52.874 [main] INFO   - Click Submit and login 
2020-42-18 13:42:56.731 [main] INFO   - On Dashboard
2020-42-18 13:42:59.306 [main] INFO   - On Pathways
2020-43-18 13:43:12.959 [main] INFO   - Dropdown: iJ1g Value: 0 filled
2020-43-18 13:43:13.335 [main] INFO   - Dropdown: iJ1h Value: 0 filled
2020-43-18 13:43:13.529 [main] INFO   - Please check value of triggered formula
2020-43-18 13:43:13.530 [main] INFO   - Value of: Falls CAP is not as expected expected:<[2]> but was:<[0]> null
2020-43-18 13:43:13.531 [main] INFO   - Please check trigger of triggered formula
2020-43-18 13:43:13.531 [main] INFO   - Trigger of: Falls CAP is not as expected expected:<Not triggered[33]> but was:<Not triggered[]> null
2020-51-18 13:51:32.852 [main] INFO   - Click Submit and login 
2020-51-18 13:51:36.672 [main] INFO   - On Dashboard
2020-51-18 13:51:38.982 [main] INFO   - On Pathways
2020-51-18 13:51:48.366 [main] INFO   - Dropdown: iJ1g Value: 0 filled
2020-51-18 13:51:48.719 [main] INFO   - Dropdown: iJ1h Value: 0 filled
2020-51-18 13:51:48.909 [main] INFO   - 0
2020-51-18 13:51:48.910 [main] INFO   - Not triggered
2020-51-18 13:51:48.910 [main] INFO   - Please check value of triggered formula
2020-51-18 13:51:48.911 [main] INFO   - Value of: Falls CAP is not as expected expected:<[2]> but was:<[0]> null
2020-51-18 13:51:48.912 [main] INFO   - Please check trigger of triggered formula
2020-51-18 13:51:48.912 [main] INFO   - Trigger of: Falls CAP is not as expected expected:<Not triggered[33]> but was:<Not triggered[]> null
2020-54-18 13:54:37.933 [main] INFO   - Click Submit and login 
2020-54-18 13:54:42.237 [main] INFO   - On Dashboard
2020-54-18 13:54:44.511 [main] INFO   - On Pathways
2020-54-18 13:54:53.495 [main] INFO   - Dropdown: iJ1g Value: 0 filled
2020-54-18 13:54:53.866 [main] INFO   - Dropdown: iJ1h Value: 0 filled
2020-54-18 13:54:54.066 [main] INFO   - 0
2020-54-18 13:54:54.066 [main] INFO   - Not triggered
2020-54-18 13:54:54.067 [main] INFO   - Please check value of triggered formula
2020-54-18 13:54:54.068 [main] INFO   - Value of: Falls CAP is not as expected expected:<[2]> but was:<[0]> null
2020-54-18 13:54:54.068 [main] INFO   - Please check trigger of triggered formula
2020-54-18 13:54:54.068 [main] INFO   - Trigger of: Falls CAP is not as expected expected:<Not triggered[33]> but was:<Not triggered[]> null
2020-03-18 14:03:04.027 [main] INFO   - Click Submit and login 
2020-03-18 14:03:08.375 [main] INFO   - On Dashboard
2020-03-18 14:03:10.696 [main] INFO   - On Pathways
2020-03-18 14:03:19.097 [main] INFO   - Dropdown: iJ1g Value: 0 filled
2020-03-18 14:03:19.426 [main] INFO   - Dropdown: iJ1h Value: 0 filled
2020-03-18 14:03:19.634 [main] INFO   - Please check value of triggered formula
2020-03-18 14:03:19.636 [main] INFO   - Value of: Falls CAP is not as expected expected:<[2]> but was:<[0]> null
2020-03-18 14:03:19.636 [main] INFO   - Please check Description of triggered formula
2020-03-18 14:03:19.636 [main] INFO   - Description of: Falls CAP is not as expected expected:<Not triggered[33]> but was:<Not triggered[]> null
2020-09-18 14:09:50.400 [main] INFO   - Click Submit and login 
2020-09-18 14:09:55.212 [main] INFO   - On Dashboard
2020-09-18 14:09:58.130 [main] INFO   - On Pathways
2020-10-18 14:10:09.865 [main] INFO   - Dropdown: iJ1g Value: 0 filled
2020-10-18 14:10:10.278 [main] INFO   - Dropdown: iJ1h Value: 0 filled
2020-10-18 14:10:10.480 [main] WARN   - Please check value of triggered formula
2020-10-18 14:10:10.481 [main] ERROR  - Value of: Falls CAP is not as expected expected:<[2]> but was:<[0]> null
2020-10-18 14:10:10.481 [main] WARN   - Please check Description of triggered formula
2020-10-18 14:10:10.481 [main] ERROR  - Description of: Falls CAP is not as expected expected:<Not triggered[33]> but was:<Not triggered[]> null
2020-24-18 14:24:07.839 [main] INFO   - Click Submit and login 
2020-24-18 14:24:11.744 [main] INFO   - On Dashboard
2020-24-18 14:24:14.129 [main] INFO   - On Pathways
2020-24-18 14:24:22.658 [main] INFO   - Dropdown: iJ1g Value: 0 filled
2020-24-18 14:24:23.016 [main] INFO   - Dropdown: iJ1h Value: 0 filled
2020-24-18 14:24:23.221 [main] WARN   - Please check value of triggered formula
2020-24-18 14:24:23.222 [main] ERROR  - 31;Value of: Falls CAP is not as expected expected:<[2]> but was:<[0]> null
2020-24-18 14:24:23.223 [main] WARN   - Please check Description of triggered formula
2020-24-18 14:24:23.223 [main] ERROR  - 31;Description of: Falls CAP is not as expected expected:<Not triggered[33]> but was:<Not triggered[]> null
2020-26-18 14:26:14.332 [main] INFO   - Click Submit and login 
2020-26-18 14:26:18.298 [main] INFO   - On Dashboard
2020-26-18 14:26:20.646 [main] INFO   - On Pathways
2020-26-18 14:26:28.780 [main] INFO   - Dropdown: iJ1g Value: 0 filled
2020-26-18 14:26:29.154 [main] INFO   - Dropdown: iJ1h Value: 0 filled
2020-26-18 14:26:29.349 [main] WARN   - Please check value of triggered formula
2020-26-18 14:26:29.350 [main] ERROR  - 31;1mValue of: Falls CAP is not as expected expected:<[2]> but was:<[0]> null
2020-26-18 14:26:29.350 [main] WARN   - Please check Description of triggered formula
2020-26-18 14:26:29.350 [main] ERROR  - 31;1mDescription of: Falls CAP is not as expected expected:<Not triggered[33]> but was:<Not triggered[]> null
2020-43-18 14:43:52.531 [main] INFO   - Click Submit and login 
2020-43-18 14:43:56.354 [main] INFO   - On Dashboard
2020-43-18 14:43:58.747 [main] INFO   - On Pathways
2020-44-18 14:44:08.396 [main] INFO   - Dropdown: iJ1g Value: 0 filled
2020-44-18 14:44:08.755 [main] INFO   - Dropdown: iJ1h Value: 0 filled
2020-44-18 14:44:08.959 [main] WARN   - Please check value of triggered formula
2020-44-18 14:44:08.960 [main] ERROR  - 31;1mValue of: Falls CAP is not as expected expected:<[2]> but was:<[0]> null
2020-44-18 14:44:08.961 [main] WARN   - Please check Description of triggered formula
2020-44-18 14:44:08.961 [main] ERROR  - 31;1mDescription of: Falls CAP is not as expected expected:<Not triggered[33]> but was:<Not triggered[]> null
2020-08-18 15:08:41.569 [main] INFO   - Click Submit and login 
2020-08-18 15:08:47.216 [main] INFO   - On Dashboard
2020-08-18 15:08:49.758 [main] INFO   - On Pathways
2020-08-18 15:08:59.451 [main] INFO   - Dropdown: iJ1g Value: 0 filled
2020-08-18 15:08:59.809 [main] INFO   - Dropdown: iJ1h Value: 0 filled
2020-10-18 15:10:37.664 [main] INFO   - Click Submit and login 
2020-10-18 15:10:41.420 [main] INFO   - On Dashboard
2020-10-18 15:10:43.863 [main] INFO   - On Pathways
2020-10-18 15:10:52.046 [main] INFO   - Dropdown: iJ1g Value: 0 filled
2020-10-18 15:10:52.406 [main] INFO   - Dropdown: iJ1h Value: 0 filled
2020-10-18 15:10:52.610 [main] WARN   - Please check value of triggered formula
2020-10-18 15:10:52.611 [main] ERROR  - 31;1mValue of: Falls CAP is not as expected expected:<[3]> but was:<[0]> null
2020-10-18 15:10:52.612 [main] WARN   - Please check Description of triggered formula
2020-10-18 15:10:52.612 [main] ERROR  - 31;1mDescription of: Falls CAP is not as expected expected:<Not triggered[33]> but was:<Not triggered[]> null
2020-30-18 15:30:27.503 [main] INFO   - Click Submit and login 
2020-30-18 15:30:31.413 [main] INFO   - On Dashboard
2020-30-18 15:30:33.763 [main] INFO   - On Pathways
2020-30-18 15:30:41.798 [main] INFO   - Dropdown: iJ1g Value: 0 filled
2020-30-18 15:30:42.179 [main] INFO   - Dropdown: iJ1h Value: 0 filled
2020-30-18 15:30:42.374 [main] WARN   - Please check value of triggered formula
2020-30-18 15:30:42.375 [main] ERROR  - 31;1mValue of: Falls CAP is not as expected expected:<[3]> but was:<[0]> null
2020-30-18 15:30:42.375 [main] WARN   - Please check Description of triggered formula
2020-30-18 15:30:42.375 [main] ERROR  - 31;1mDescription of: Falls CAP is not as expected expected:<Not triggered[33]> but was:<Not triggered[]> null
2020-12-18 16:12:22.859 [main] INFO   - Click Submit and login 
2020-12-18 16:12:27.482 [main] INFO   - On Dashboard
2020-12-18 16:12:32.724 [main] INFO   - On Pathways
2020-12-18 16:12:47.193 [main] INFO   - Dropdown: iJ1g Value: 0 filled
2020-12-18 16:12:47.565 [main] INFO   - Dropdown: iJ1h Value: 0 filled
2020-13-18 16:13:08.140 [main] ERROR  - Expected condition failed: waiting for visibility of Proxy element for: DefaultElementLocator 'By.xpath: //div[@class='modal-content']//h4[text()='Scales']' (tried for 20 second(s) with 500 milliseconds interval)
2020-15-18 16:15:01.362 [main] INFO   - Click Submit and login 
2020-15-18 16:15:07.290 [main] INFO   - On Dashboard
2020-15-18 16:15:09.862 [main] INFO   - On Pathways
2020-15-18 16:15:19.438 [main] INFO   - Dropdown: iJ1g Value: 0 filled
2020-15-18 16:15:19.808 [main] INFO   - Dropdown: iJ1h Value: 0 filled
2020-15-18 16:15:21.642 [main] INFO   - Dropdown: iD1 Value: 0 filled
2020-15-18 16:15:21.980 [main] INFO   - Dropdown: iD2 Value: 0 filled
2020-15-18 16:15:22.460 [main] ERROR  - no such element: Unable to locate element: {"method":"xpath","selector":"//div[@class='formulas__header' and text()='Communication Scale (CS))']//following-sibling::div//span[@class='badge']"}
  (Session info: chrome=70.0.3538.67)
  (Driver info: chromedriver=70.0.3538.16 (16ed95b41bb05e565b11fb66ac33c660b721f778),platform=Windows NT 10.0.18363 x86_64) (WARNING: The server did not provide any stacktrace information)
Command duration or timeout: 0 milliseconds
For documentation on this error, please visit: https://www.seleniumhq.org/exceptions/no_such_element.html
Build info: version: '3.141.59', revision: 'e82be7d358', time: '2018-11-14T08:17:03'
System info: host: 'GFL-2018', ip: '10.58.58.15', os.name: 'Windows 10', os.arch: 'amd64', os.version: '10.0', java.version: '11.0.4'
Driver info: org.openqa.selenium.chrome.ChromeDriver
Capabilities {acceptInsecureCerts: false, acceptSslCerts: false, applicationCacheEnabled: false, browserConnectionEnabled: false, browserName: chrome, chrome: {chromedriverVersion: 70.0.3538.16 (16ed95b41bb05..., userDataDir: C:\Users\EAVKSE~1\AppData\L...}, cssSelectorsEnabled: true, databaseEnabled: false, goog:chromeOptions: {debuggerAddress: localhost:5225}, handlesAlerts: true, hasTouchScreen: false, javascriptEnabled: true, locationContextEnabled: true, mobileEmulationEnabled: false, nativeEvents: true, networkConnectionEnabled: false, pageLoadStrategy: normal, platform: XP, platformName: XP, rotatable: false, setWindowRect: true, takesHeapSnapshot: true, takesScreenshot: true, unexpectedAlertBehaviour: , unhandledPromptBehavior: , version: 70.0.3538.67, webStorageEnabled: true}
Session ID: 708fcbbf104a188d2bc4a4f49b376d40
*** Element info: {Using=xpath, value=//div[@class='formulas__header' and text()='Communication Scale (CS))']//following-sibling::div//span[@class='badge']}
2020-19-18 16:19:22.422 [main] INFO   - Click Submit and login 
2020-19-18 16:19:30.981 [main] INFO   - On Dashboard
2020-19-18 16:19:33.400 [main] INFO   - On Pathways
2020-19-18 16:19:41.865 [main] INFO   - Dropdown: iJ1g Value: 0 filled
2020-19-18 16:19:42.222 [main] INFO   - Dropdown: iJ1h Value: 0 filled
2020-19-18 16:19:44.066 [main] INFO   - Dropdown: iD1 Value: 0 filled
2020-19-18 16:19:44.397 [main] INFO   - Dropdown: iD2 Value: 0 filled
2020-19-18 16:19:44.882 [main] ERROR  - no such element: Unable to locate element: {"method":"xpath","selector":"//div[@class='formulas__header' and text()='Communication Scale (CS)']//following-sibling::div//span[contains(@class,'label label')]"}
  (Session info: chrome=70.0.3538.67)
  (Driver info: chromedriver=70.0.3538.16 (16ed95b41bb05e565b11fb66ac33c660b721f778),platform=Windows NT 10.0.18363 x86_64) (WARNING: The server did not provide any stacktrace information)
Command duration or timeout: 0 milliseconds
For documentation on this error, please visit: https://www.seleniumhq.org/exceptions/no_such_element.html
Build info: version: '3.141.59', revision: 'e82be7d358', time: '2018-11-14T08:17:03'
System info: host: 'GFL-2018', ip: '10.58.58.15', os.name: 'Windows 10', os.arch: 'amd64', os.version: '10.0', java.version: '11.0.4'
Driver info: org.openqa.selenium.chrome.ChromeDriver
Capabilities {acceptInsecureCerts: false, acceptSslCerts: false, applicationCacheEnabled: false, browserConnectionEnabled: false, browserName: chrome, chrome: {chromedriverVersion: 70.0.3538.16 (16ed95b41bb05..., userDataDir: C:\Users\EAVKSE~1\AppData\L...}, cssSelectorsEnabled: true, databaseEnabled: false, goog:chromeOptions: {debuggerAddress: localhost:5613}, handlesAlerts: true, hasTouchScreen: false, javascriptEnabled: true, locationContextEnabled: true, mobileEmulationEnabled: false, nativeEvents: true, networkConnectionEnabled: false, pageLoadStrategy: normal, platform: XP, platformName: XP, rotatable: false, setWindowRect: true, takesHeapSnapshot: true, takesScreenshot: true, unexpectedAlertBehaviour: , unhandledPromptBehavior: , version: 70.0.3538.67, webStorageEnabled: true}
Session ID: df026cfbcc4609ff61bdd9372d6f3134
*** Element info: {Using=xpath, value=//div[@class='formulas__header' and text()='Communication Scale (CS)']//following-sibling::div//span[contains(@class,'label label')]}
2020-29-18 16:29:50.832 [main] INFO   - Click Submit and login 
2020-29-18 16:29:53.908 [main] INFO   - On Dashboard
2020-29-18 16:29:56.431 [main] INFO   - On Pathways
2020-30-18 16:30:08.050 [main] INFO   - Dropdown: iJ1g Value: 0 filled
2020-30-18 16:30:08.443 [main] INFO   - Dropdown: iJ1h Value: 0 filled
2020-30-18 16:30:10.252 [main] INFO   - Dropdown: iD1 Value: 0 filled
2020-30-18 16:30:10.598 [main] INFO   - Dropdown: iD2 Value: 0 filled
2020-30-18 16:30:10.778 [main] INFO   - 0 out of 8
2020-44-18 18:44:00.907 [main] INFO   - Click Submit and login 
2020-44-18 18:44:10.213 [main] INFO   - On Dashboard
2020-44-18 18:44:14.330 [main] INFO   - On Pathways
2020-44-18 18:44:22.805 [main] INFO   - Dropdown: iD1 Value: 0 filled
2020-44-18 18:44:23.145 [main] INFO   - Dropdown: iD2 Value: 0 filled
2020-44-18 18:44:23.337 [main] INFO   - Formula Value Correct
2020-44-18 18:44:23.337 [main] INFO   - Formula Description Correct
2020-44-18 18:44:23.694 [main] INFO   - Dropdown: iD1 Value: 1 filled
2020-44-18 18:44:23.830 [main] INFO   - Dropdown: iD2 Value: 0 filled
2020-44-18 18:44:23.987 [main] INFO   - Formula Value Correct
2020-44-18 18:44:23.987 [main] WARN   - Please check Description of triggered formula
2020-44-18 18:44:23.988 [main] ERROR  - 31;1mDescription of: Communication Scale (CS) is not as expected expected:<[I]ntact> but was:<[Borderline i]ntact> null
2020-44-18 18:44:24.340 [main] INFO   - Dropdown: iD1 Value: 2 filled
2020-44-18 18:44:24.474 [main] INFO   - Dropdown: iD2 Value: 0 filled
2020-44-18 18:44:24.609 [main] INFO   - Formula Value Correct
2020-44-18 18:44:24.609 [main] WARN   - Please check Description of triggered formula
2020-44-18 18:44:24.610 [main] ERROR  - 31;1mDescription of: Communication Scale (CS) is not as expected expected:<[Intac]t> but was:<[Mild impairmen]t> null
2020-44-18 18:44:24.956 [main] INFO   - Dropdown: iD1 Value: 3 filled
2020-44-18 18:44:25.090 [main] INFO   - Dropdown: iD2 Value: 0 filled
2020-44-18 18:44:25.248 [main] INFO   - Formula Value Correct
2020-44-18 18:44:25.249 [main] WARN   - Please check Description of triggered formula
2020-44-18 18:44:25.249 [main] ERROR  - 31;1mDescription of: Communication Scale (CS) is not as expected expected:<[Intac]t> but was:<[Mild/moderate impairmen]t> null
2020-44-18 18:44:25.601 [main] INFO   - Dropdown: iD1 Value: 4 filled
2020-44-18 18:44:25.724 [main] INFO   - Dropdown: iD2 Value: 0 filled
2020-44-18 18:44:25.857 [main] INFO   - Formula Value Correct
2020-44-18 18:44:25.857 [main] WARN   - Please check Description of triggered formula
2020-44-18 18:44:25.857 [main] ERROR  - 31;1mDescription of: Communication Scale (CS) is not as expected expected:<[Intac]t> but was:<[Moderate impairmen]t> null
2020-44-18 18:44:26.040 [main] INFO   - Dropdown: iD1 Value: 4 filled
2020-44-18 18:44:26.310 [main] INFO   - Dropdown: iD2 Value: 1 filled
2020-44-18 18:44:26.466 [main] INFO   - Formula Value Correct
2020-44-18 18:44:26.466 [main] WARN   - Please check Description of triggered formula
2020-44-18 18:44:26.467 [main] ERROR  - 31;1mDescription of: Communication Scale (CS) is not as expected expected:<[Intac]t> but was:<[Moderate/severe impairmen]t> null
2020-44-18 18:44:26.655 [main] INFO   - Dropdown: iD1 Value: 4 filled
2020-44-18 18:44:26.942 [main] INFO   - Dropdown: iD2 Value: 2 filled
2020-44-18 18:44:27.086 [main] INFO   - Formula Value Correct
2020-44-18 18:44:27.086 [main] WARN   - Please check Description of triggered formula
2020-44-18 18:44:27.087 [main] ERROR  - 31;1mDescription of: Communication Scale (CS) is not as expected expected:<[Intac]t> but was:<[Severe impairmen]t> null
2020-44-18 18:44:27.272 [main] INFO   - Dropdown: iD1 Value: 4 filled
2020-44-18 18:44:27.550 [main] INFO   - Dropdown: iD2 Value: 3 filled
2020-44-18 18:44:27.701 [main] INFO   - Formula Value Correct
2020-44-18 18:44:27.701 [main] WARN   - Please check Description of triggered formula
2020-44-18 18:44:27.701 [main] ERROR  - 31;1mDescription of: Communication Scale (CS) is not as expected expected:<[Intac]t> but was:<[Severe/very severe impairmen]t> null
2020-44-18 18:44:27.906 [main] INFO   - Dropdown: iD1 Value: 4 filled
2020-44-18 18:44:28.184 [main] INFO   - Dropdown: iD2 Value: 4 filled
2020-44-18 18:44:28.322 [main] INFO   - Formula Value Correct
2020-44-18 18:44:28.323 [main] WARN   - Please check Description of triggered formula
2020-44-18 18:44:28.323 [main] ERROR  - 31;1mDescription of: Communication Scale (CS) is not as expected expected:<[Intac]t> but was:<[Very severe impairmen]t> null
